{
  "timestamp": "2025-08-21T12:59:46.406Z",
  "level": "error",
  "message": "unhandledRejection: logger.error is not a function\nTypeError: logger.error is not a function\n    at performIngestionProcess (C:\\Users\\Anuja\\Music\\JAVA\\testing_project\\server\\controllers\\ingestController.js:214:12)\n    at process.processTicksAndRejections (node:internal/process/task_queues:105:5)",
  "stack": "TypeError: logger.error is not a function\n    at performIngestionProcess (C:\\Users\\Anuja\\Music\\JAVA\\testing_project\\server\\controllers\\ingestController.js:214:12)\n    at process.processTicksAndRejections (node:internal/process/task_queues:105:5)",
  "error": {},
  "rejection": true,
  "date": "Thu Aug 21 2025 18:29:46 GMT+0530 (India Standard Time)",
  "process": {
    "pid": 16760,
    "uid": null,
    "gid": null,
    "cwd": "C:\\Users\\Anuja\\Music\\JAVA\\testing_project\\server",
    "execPath": "C:\\Program Files\\nodejs\\node.exe",
    "version": "v22.12.0",
    "argv": [
      "C:\\Program Files\\nodejs\\node.exe",
      "C:\\Users\\Anuja\\Music\\JAVA\\testing_project\\server\\index.js"
    ],
    "memoryUsage": {
      "rss": 90386432,
      "heapTotal": 48570368,
      "heapUsed": 45229712,
      "external": 21982853,
      "arrayBuffers": 18406126
    }
  },
  "os": {
    "loadavg": [
      0,
      0,
      0
    ],
    "uptime": 4810.078
  },
  "trace": [
    {
      "column": 12,
      "file": "C:\\Users\\Anuja\\Music\\JAVA\\testing_project\\server\\controllers\\ingestController.js",
      "function": "performIngestionProcess",
      "line": 214,
      "method": null,
      "native": false
    },
    {
      "column": 5,
      "file": "node:internal/process/task_queues",
      "function": "process.processTicksAndRejections",
      "line": 105,
      "method": "processTicksAndRejections",
      "native": false
    }
  ],
  "service": "synaptron-backend",
  "pid": 16760,
  "hostname": "LAPTOP-MUCAVG9A"
}
{
  "timestamp": "2025-08-21T13:09:48.968Z",
  "level": "error",
  "message": "Very Slow Operation",
  "service": "synaptron-backend",
  "pid": 9880,
  "hostname": "LAPTOP-MUCAVG9A",
  "operation": "complete_ingestion",
  "duration": "12275ms",
  "memoryUsage": {
    "rss": 93200384,
    "heapTotal": 51568640,
    "heapUsed": 47543016,
    "external": 22507907,
    "arrayBuffers": 18931140
  },
  "sessionId": "1755781776685_o0vmpqb5a",
  "domain": "Data Science",
  "resultsCount": 0
}
{
  "timestamp": "2025-08-21T13:55:01.856Z",
  "level": "error",
  "message": "Very Slow Operation",
  "service": "synaptron-backend",
  "pid": 1280,
  "hostname": "LAPTOP-MUCAVG9A",
  "operation": "complete_ingestion",
  "duration": "22232ms",
  "memoryUsage": {
    "rss": 95203328,
    "heapTotal": 53153792,
    "heapUsed": 49654160,
    "external": 23325626,
    "arrayBuffers": 19734442
  },
  "sessionId": "1755784479616_9nom3fy6c",
  "domain": "Data Science",
  "resultsCount": 0
}
{
  "timestamp": "2025-08-23T02:36:16.270Z",
  "level": "error",
  "message": "Very Slow Operation",
  "service": "synaptron-backend",
  "pid": 3024,
  "hostname": "LAPTOP-MUCAVG9A",
  "operation": "complete_ingestion",
  "duration": "24542ms",
  "memoryUsage": {
    "rss": 54870016,
    "heapTotal": 54710272,
    "heapUsed": 49598608,
    "external": 23352273,
    "arrayBuffers": 19761089
  },
  "sessionId": "1755916551562_svebqq9xa",
  "domain": "Quantum Computing",
  "resultsCount": 0
}
{
  "timestamp": "2025-08-25T00:23:46.708Z",
  "level": "error",
  "message": "Very Slow Operation",
  "service": "synaptron-backend",
  "pid": 14748,
  "hostname": "LAPTOP-MUCAVG9A",
  "operation": "complete_ingestion",
  "duration": "13960ms",
  "memoryUsage": {
    "rss": 93855744,
    "heapTotal": 54407168,
    "heapUsed": 47169408,
    "external": 22235707,
    "arrayBuffers": 18644523
  },
  "sessionId": "1756081412720_6qfy5hwnr",
  "domain": "Machine Learning",
  "resultsCount": 0
}
{
  "timestamp": "2025-08-25T00:27:09.932Z",
  "level": "error",
  "message": "Very Slow Operation",
  "service": "synaptron-backend",
  "pid": 11192,
  "hostname": "LAPTOP-MUCAVG9A",
  "operation": "complete_ingestion",
  "duration": "78893ms",
  "memoryUsage": {
    "rss": 101044224,
    "heapTotal": 51789824,
    "heapUsed": 49646352,
    "external": 23725048,
    "arrayBuffers": 20133864
  },
  "sessionId": "1756081551011_in47qepj6",
  "domain": "Machine Learning",
  "resultsCount": 0
}
{
  "timestamp": "2025-08-25T00:43:29.747Z",
  "level": "error",
  "message": "Very Slow Operation",
  "service": "synaptron-backend",
  "pid": 13816,
  "hostname": "LAPTOP-MUCAVG9A",
  "operation": "complete_ingestion",
  "duration": "69998ms",
  "memoryUsage": {
    "rss": 96473088,
    "heapTotal": 52449280,
    "heapUsed": 48861184,
    "external": 23016238,
    "arrayBuffers": 19425054
  },
  "sessionId": "1756082539669_6yw9lnqfm",
  "domain": "Blockchain Development",
  "resultsCount": 0
}
{
  "timestamp": "2025-08-25T00:48:08.341Z",
  "level": "error",
  "message": "Ingestion failed for session 1756082873653_3d9ma6g5i",
  "stack": "ValidationError: DomainIngestion validation failed: sessionId: Path `sessionId` is required.\n    at Document.invalidate (C:\\Users\\Anuja\\Music\\JAVA\\testing_project\\server\\node_modules\\mongoose\\lib\\document.js:3358:32)\n    at C:\\Users\\Anuja\\Music\\JAVA\\testing_project\\server\\node_modules\\mongoose\\lib\\document.js:3119:17\n    at C:\\Users\\Anuja\\Music\\JAVA\\testing_project\\server\\node_modules\\mongoose\\lib\\schemaType.js:1410:9\n    at process.processTicksAndRejections (node:internal/process/task_queues:85:11)",
  "service": "synaptron-backend",
  "pid": 7240,
  "hostname": "LAPTOP-MUCAVG9A",
  "sessionId": "1756082873653_3d9ma6g5i",
  "domain": "Blockchain Development",
  "error": "DomainIngestion validation failed: sessionId: Path `sessionId` is required.",
  "duration": "14675ms"
}
{
  "timestamp": "2025-08-25T00:48:08.347Z",
  "level": "error",
  "message": "Application Error DomainIngestion validation failed: sessionId: Path `sessionId` is required.",
  "stack": "ValidationError: DomainIngestion validation failed: sessionId: Path `sessionId` is required.\n    at Document.invalidate (C:\\Users\\Anuja\\Music\\JAVA\\testing_project\\server\\node_modules\\mongoose\\lib\\document.js:3358:32)\n    at C:\\Users\\Anuja\\Music\\JAVA\\testing_project\\server\\node_modules\\mongoose\\lib\\document.js:3119:17\n    at C:\\Users\\Anuja\\Music\\JAVA\\testing_project\\server\\node_modules\\mongoose\\lib\\schemaType.js:1410:9\n    at process.processTicksAndRejections (node:internal/process/task_queues:85:11)",
  "service": "synaptron-backend",
  "pid": 7240,
  "hostname": "LAPTOP-MUCAVG9A",
  "name": "ValidationError",
  "action": "performIngestionProcess",
  "sessionId": "1756082873653_3d9ma6g5i",
  "domain": "Blockchain Development",
  "duration": 14675
}
{
  "timestamp": "2025-08-25T00:56:25.251Z",
  "level": "error",
  "message": "Ingestion failed for session 1756083361684_rwobdlo4j",
  "stack": "ValidationError: DomainIngestion validation failed: sessionId: Path `sessionId` is required.\n    at Document.invalidate (C:\\Users\\Anuja\\Music\\JAVA\\testing_project\\server\\node_modules\\mongoose\\lib\\document.js:3358:32)\n    at C:\\Users\\Anuja\\Music\\JAVA\\testing_project\\server\\node_modules\\mongoose\\lib\\document.js:3119:17\n    at C:\\Users\\Anuja\\Music\\JAVA\\testing_project\\server\\node_modules\\mongoose\\lib\\schemaType.js:1410:9\n    at process.processTicksAndRejections (node:internal/process/task_queues:85:11)",
  "service": "synaptron-backend",
  "pid": 628,
  "hostname": "LAPTOP-MUCAVG9A",
  "sessionId": "1756083361684_rwobdlo4j",
  "domain": "JAVA",
  "error": "DomainIngestion validation failed: sessionId: Path `sessionId` is required.",
  "duration": "23539ms"
}
{
  "timestamp": "2025-08-25T00:56:25.254Z",
  "level": "error",
  "message": "Application Error DomainIngestion validation failed: sessionId: Path `sessionId` is required.",
  "stack": "ValidationError: DomainIngestion validation failed: sessionId: Path `sessionId` is required.\n    at Document.invalidate (C:\\Users\\Anuja\\Music\\JAVA\\testing_project\\server\\node_modules\\mongoose\\lib\\document.js:3358:32)\n    at C:\\Users\\Anuja\\Music\\JAVA\\testing_project\\server\\node_modules\\mongoose\\lib\\document.js:3119:17\n    at C:\\Users\\Anuja\\Music\\JAVA\\testing_project\\server\\node_modules\\mongoose\\lib\\schemaType.js:1410:9\n    at process.processTicksAndRejections (node:internal/process/task_queues:85:11)",
  "service": "synaptron-backend",
  "pid": 628,
  "hostname": "LAPTOP-MUCAVG9A",
  "name": "ValidationError",
  "action": "performIngestionProcess",
  "sessionId": "1756083361684_rwobdlo4j",
  "domain": "JAVA",
  "duration": 23539
}
{
  "timestamp": "2025-08-25T01:09:16.476Z",
  "level": "error",
  "message": "Ingestion failed for session 1756084092075_m3c2aamuv",
  "stack": "ValidationError: DomainIngestion validation failed: analysisResults.subdomains.0: Cast to [string] failed for value \"[\\n' +\n  '  {\\n' +\n  \"    name: 'Java Fundamentals',\\n\" +\n  '    areasOfExpertise: [\\n' +\n  \"      'variables',\\n\" +\n  \"      'data types',\\n\" +\n  \"      'operators',\\n\" +\n  \"      'control structures',\\n\" +\n  \"      'functions'\\n\" +\n  '    ]\\n' +\n  '  },\\n' +\n  '  {\\n' +\n  \"    name: 'Object-Oriented Programming (OOP)',\\n\" +\n  '    areasOfExpertise: [\\n' +\n  \"      'classes',\\n\" +\n  \"      'objects',\\n\" +\n  \"      'inheritance',\\n\" +\n  \"      'polymorphism',\\n\" +\n  \"      'encapsulation'\\n\" +\n  '    ]\\n' +\n  '  },\\n' +\n  '  {\\n' +\n  \"    name: 'Java Collections Framework',\\n\" +\n  \"    areasOfExpertise: [ 'lists', 'sets', 'maps', 'queues', 'stacks' ]\\n\" +\n  '  },\\n' +\n  '  {\\n' +\n  \"    name: 'Java Stream API',\\n\" +\n  '    areasOfExpertise: [\\n' +\n  \"      'stream creation',\\n\" +\n  \"      'intermediate operations',\\n\" +\n  \"      'terminal operations'\\n\" +\n  '    ]\\n' +\n  '  },\\n' +\n  '  {\\n' +\n  \"    name: 'Java Multithreading',\\n\" +\n  \"    areasOfExpertise: [ 'threads', 'synchronization', 'concurrency', 'deadlocks' ]\\n\" +\n  '  },\\n' +\n  '  {\\n' +\n  \"    name: 'Java Web Development',\\n\" +\n  \"    areasOfExpertise: [ 'servlets', 'JSP', 'Spring Framework', 'Hibernate' ]\\n\" +\n  '  }\\n' +\n  ']\" (type string) at path \"analysisResults.subdomains.0\" because of \"CastError\", analysisResults.primaryConcepts.0: Cast to [string] failed for value \"[\\n' +\n  \"  { name: 'Variables and Data Types' },\\n\" +\n  \"  { name: 'Control Structures' },\\n\" +\n  \"  { name: 'Functions and Methods' },\\n\" +\n  \"  { name: 'Object-Oriented Programming (OOP) Concepts' },\\n\" +\n  \"  { name: 'Exception Handling' }\\n\" +\n  ']\" (type string) at path \"analysisResults.primaryConcepts.0\" because of \"CastError\", analysisResults.prerequisites.0: Cast to [string] failed for value \"[\\n' +\n  \"  { name: 'Basic programming concepts' },\\n\" +\n  \"  { name: 'Understanding of data structures and algorithms' },\\n\" +\n  '  {\\n' +\n  \"    name: 'Familiarity with object-oriented programming (OOP) concepts'\\n\" +\n  '  }\\n' +\n  ']\" (type string) at path \"analysisResults.prerequisites.0\" because of \"CastError\"\n    at Document.invalidate (C:\\Users\\Anuja\\Music\\JAVA\\testing_project\\server\\node_modules\\mongoose\\lib\\document.js:3358:32)\n    at model.$set (C:\\Users\\Anuja\\Music\\JAVA\\testing_project\\server\\node_modules\\mongoose\\lib\\document.js:1480:12)\n    at model.$set (C:\\Users\\Anuja\\Music\\JAVA\\testing_project\\server\\node_modules\\mongoose\\lib\\document.js:1227:14)\n    at model.$set (C:\\Users\\Anuja\\Music\\JAVA\\testing_project\\server\\node_modules\\mongoose\\lib\\document.js:1117:14)\n    at model.Document (C:\\Users\\Anuja\\Music\\JAVA\\testing_project\\server\\node_modules\\mongoose\\lib\\document.js:178:12)\n    at model.Model (C:\\Users\\Anuja\\Music\\JAVA\\testing_project\\server\\node_modules\\mongoose\\lib\\model.js:127:12)\n    at new model (C:\\Users\\Anuja\\Music\\JAVA\\testing_project\\server\\node_modules\\mongoose\\lib\\model.js:4834:15)\n    at IngestionService.saveResults (C:\\Users\\Anuja\\Music\\JAVA\\testing_project\\server\\services\\ingestion-service.js:675:31)\n    at performIngestionProcess (C:\\Users\\Anuja\\Music\\JAVA\\testing_project\\server\\controllers\\ingestController.js:537:45)",
  "service": "synaptron-backend",
  "pid": 15180,
  "hostname": "LAPTOP-MUCAVG9A",
  "sessionId": "1756084092075_m3c2aamuv",
  "domain": "java",
  "error": "DomainIngestion validation failed: analysisResults.subdomains.0: Cast to [string] failed for value \"[\\n' +\n  '  {\\n' +\n  \"    name: 'Java Fundamentals',\\n\" +\n  '    areasOfExpertise: [\\n' +\n  \"      'variables',\\n\" +\n  \"      'data types',\\n\" +\n  \"      'operators',\\n\" +\n  \"      'control structures',\\n\" +\n  \"      'functions'\\n\" +\n  '    ]\\n' +\n  '  },\\n' +\n  '  {\\n' +\n  \"    name: 'Object-Oriented Programming (OOP)',\\n\" +\n  '    areasOfExpertise: [\\n' +\n  \"      'classes',\\n\" +\n  \"      'objects',\\n\" +\n  \"      'inheritance',\\n\" +\n  \"      'polymorphism',\\n\" +\n  \"      'encapsulation'\\n\" +\n  '    ]\\n' +\n  '  },\\n' +\n  '  {\\n' +\n  \"    name: 'Java Collections Framework',\\n\" +\n  \"    areasOfExpertise: [ 'lists', 'sets', 'maps', 'queues', 'stacks' ]\\n\" +\n  '  },\\n' +\n  '  {\\n' +\n  \"    name: 'Java Stream API',\\n\" +\n  '    areasOfExpertise: [\\n' +\n  \"      'stream creation',\\n\" +\n  \"      'intermediate operations',\\n\" +\n  \"      'terminal operations'\\n\" +\n  '    ]\\n' +\n  '  },\\n' +\n  '  {\\n' +\n  \"    name: 'Java Multithreading',\\n\" +\n  \"    areasOfExpertise: [ 'threads', 'synchronization', 'concurrency', 'deadlocks' ]\\n\" +\n  '  },\\n' +\n  '  {\\n' +\n  \"    name: 'Java Web Development',\\n\" +\n  \"    areasOfExpertise: [ 'servlets', 'JSP', 'Spring Framework', 'Hibernate' ]\\n\" +\n  '  }\\n' +\n  ']\" (type string) at path \"analysisResults.subdomains.0\" because of \"CastError\", analysisResults.primaryConcepts.0: Cast to [string] failed for value \"[\\n' +\n  \"  { name: 'Variables and Data Types' },\\n\" +\n  \"  { name: 'Control Structures' },\\n\" +\n  \"  { name: 'Functions and Methods' },\\n\" +\n  \"  { name: 'Object-Oriented Programming (OOP) Concepts' },\\n\" +\n  \"  { name: 'Exception Handling' }\\n\" +\n  ']\" (type string) at path \"analysisResults.primaryConcepts.0\" because of \"CastError\", analysisResults.prerequisites.0: Cast to [string] failed for value \"[\\n' +\n  \"  { name: 'Basic programming concepts' },\\n\" +\n  \"  { name: 'Understanding of data structures and algorithms' },\\n\" +\n  '  {\\n' +\n  \"    name: 'Familiarity with object-oriented programming (OOP) concepts'\\n\" +\n  '  }\\n' +\n  ']\" (type string) at path \"analysisResults.prerequisites.0\" because of \"CastError\"",
  "duration": "64392ms"
}
{
  "timestamp": "2025-08-25T01:09:16.482Z",
  "level": "error",
  "message": "Application Error DomainIngestion validation failed: analysisResults.subdomains.0: Cast to [string] failed for value \"[\\n' +\n  '  {\\n' +\n  \"    name: 'Java Fundamentals',\\n\" +\n  '    areasOfExpertise: [\\n' +\n  \"      'variables',\\n\" +\n  \"      'data types',\\n\" +\n  \"      'operators',\\n\" +\n  \"      'control structures',\\n\" +\n  \"      'functions'\\n\" +\n  '    ]\\n' +\n  '  },\\n' +\n  '  {\\n' +\n  \"    name: 'Object-Oriented Programming (OOP)',\\n\" +\n  '    areasOfExpertise: [\\n' +\n  \"      'classes',\\n\" +\n  \"      'objects',\\n\" +\n  \"      'inheritance',\\n\" +\n  \"      'polymorphism',\\n\" +\n  \"      'encapsulation'\\n\" +\n  '    ]\\n' +\n  '  },\\n' +\n  '  {\\n' +\n  \"    name: 'Java Collections Framework',\\n\" +\n  \"    areasOfExpertise: [ 'lists', 'sets', 'maps', 'queues', 'stacks' ]\\n\" +\n  '  },\\n' +\n  '  {\\n' +\n  \"    name: 'Java Stream API',\\n\" +\n  '    areasOfExpertise: [\\n' +\n  \"      'stream creation',\\n\" +\n  \"      'intermediate operations',\\n\" +\n  \"      'terminal operations'\\n\" +\n  '    ]\\n' +\n  '  },\\n' +\n  '  {\\n' +\n  \"    name: 'Java Multithreading',\\n\" +\n  \"    areasOfExpertise: [ 'threads', 'synchronization', 'concurrency', 'deadlocks' ]\\n\" +\n  '  },\\n' +\n  '  {\\n' +\n  \"    name: 'Java Web Development',\\n\" +\n  \"    areasOfExpertise: [ 'servlets', 'JSP', 'Spring Framework', 'Hibernate' ]\\n\" +\n  '  }\\n' +\n  ']\" (type string) at path \"analysisResults.subdomains.0\" because of \"CastError\", analysisResults.primaryConcepts.0: Cast to [string] failed for value \"[\\n' +\n  \"  { name: 'Variables and Data Types' },\\n\" +\n  \"  { name: 'Control Structures' },\\n\" +\n  \"  { name: 'Functions and Methods' },\\n\" +\n  \"  { name: 'Object-Oriented Programming (OOP) Concepts' },\\n\" +\n  \"  { name: 'Exception Handling' }\\n\" +\n  ']\" (type string) at path \"analysisResults.primaryConcepts.0\" because of \"CastError\", analysisResults.prerequisites.0: Cast to [string] failed for value \"[\\n' +\n  \"  { name: 'Basic programming concepts' },\\n\" +\n  \"  { name: 'Understanding of data structures and algorithms' },\\n\" +\n  '  {\\n' +\n  \"    name: 'Familiarity with object-oriented programming (OOP) concepts'\\n\" +\n  '  }\\n' +\n  ']\" (type string) at path \"analysisResults.prerequisites.0\" because of \"CastError\"",
  "stack": "ValidationError: DomainIngestion validation failed: analysisResults.subdomains.0: Cast to [string] failed for value \"[\\n' +\n  '  {\\n' +\n  \"    name: 'Java Fundamentals',\\n\" +\n  '    areasOfExpertise: [\\n' +\n  \"      'variables',\\n\" +\n  \"      'data types',\\n\" +\n  \"      'operators',\\n\" +\n  \"      'control structures',\\n\" +\n  \"      'functions'\\n\" +\n  '    ]\\n' +\n  '  },\\n' +\n  '  {\\n' +\n  \"    name: 'Object-Oriented Programming (OOP)',\\n\" +\n  '    areasOfExpertise: [\\n' +\n  \"      'classes',\\n\" +\n  \"      'objects',\\n\" +\n  \"      'inheritance',\\n\" +\n  \"      'polymorphism',\\n\" +\n  \"      'encapsulation'\\n\" +\n  '    ]\\n' +\n  '  },\\n' +\n  '  {\\n' +\n  \"    name: 'Java Collections Framework',\\n\" +\n  \"    areasOfExpertise: [ 'lists', 'sets', 'maps', 'queues', 'stacks' ]\\n\" +\n  '  },\\n' +\n  '  {\\n' +\n  \"    name: 'Java Stream API',\\n\" +\n  '    areasOfExpertise: [\\n' +\n  \"      'stream creation',\\n\" +\n  \"      'intermediate operations',\\n\" +\n  \"      'terminal operations'\\n\" +\n  '    ]\\n' +\n  '  },\\n' +\n  '  {\\n' +\n  \"    name: 'Java Multithreading',\\n\" +\n  \"    areasOfExpertise: [ 'threads', 'synchronization', 'concurrency', 'deadlocks' ]\\n\" +\n  '  },\\n' +\n  '  {\\n' +\n  \"    name: 'Java Web Development',\\n\" +\n  \"    areasOfExpertise: [ 'servlets', 'JSP', 'Spring Framework', 'Hibernate' ]\\n\" +\n  '  }\\n' +\n  ']\" (type string) at path \"analysisResults.subdomains.0\" because of \"CastError\", analysisResults.primaryConcepts.0: Cast to [string] failed for value \"[\\n' +\n  \"  { name: 'Variables and Data Types' },\\n\" +\n  \"  { name: 'Control Structures' },\\n\" +\n  \"  { name: 'Functions and Methods' },\\n\" +\n  \"  { name: 'Object-Oriented Programming (OOP) Concepts' },\\n\" +\n  \"  { name: 'Exception Handling' }\\n\" +\n  ']\" (type string) at path \"analysisResults.primaryConcepts.0\" because of \"CastError\", analysisResults.prerequisites.0: Cast to [string] failed for value \"[\\n' +\n  \"  { name: 'Basic programming concepts' },\\n\" +\n  \"  { name: 'Understanding of data structures and algorithms' },\\n\" +\n  '  {\\n' +\n  \"    name: 'Familiarity with object-oriented programming (OOP) concepts'\\n\" +\n  '  }\\n' +\n  ']\" (type string) at path \"analysisResults.prerequisites.0\" because of \"CastError\"\n    at Document.invalidate (C:\\Users\\Anuja\\Music\\JAVA\\testing_project\\server\\node_modules\\mongoose\\lib\\document.js:3358:32)\n    at model.$set (C:\\Users\\Anuja\\Music\\JAVA\\testing_project\\server\\node_modules\\mongoose\\lib\\document.js:1480:12)\n    at model.$set (C:\\Users\\Anuja\\Music\\JAVA\\testing_project\\server\\node_modules\\mongoose\\lib\\document.js:1227:14)\n    at model.$set (C:\\Users\\Anuja\\Music\\JAVA\\testing_project\\server\\node_modules\\mongoose\\lib\\document.js:1117:14)\n    at model.Document (C:\\Users\\Anuja\\Music\\JAVA\\testing_project\\server\\node_modules\\mongoose\\lib\\document.js:178:12)\n    at model.Model (C:\\Users\\Anuja\\Music\\JAVA\\testing_project\\server\\node_modules\\mongoose\\lib\\model.js:127:12)\n    at new model (C:\\Users\\Anuja\\Music\\JAVA\\testing_project\\server\\node_modules\\mongoose\\lib\\model.js:4834:15)\n    at IngestionService.saveResults (C:\\Users\\Anuja\\Music\\JAVA\\testing_project\\server\\services\\ingestion-service.js:675:31)\n    at performIngestionProcess (C:\\Users\\Anuja\\Music\\JAVA\\testing_project\\server\\controllers\\ingestController.js:537:45)",
  "service": "synaptron-backend",
  "pid": 15180,
  "hostname": "LAPTOP-MUCAVG9A",
  "name": "ValidationError",
  "action": "performIngestionProcess",
  "sessionId": "1756084092075_m3c2aamuv",
  "domain": "java",
  "duration": 64392
}
{
  "timestamp": "2025-08-25T01:20:53.385Z",
  "level": "error",
  "message": "Ingestion failed for session 1756084794609_f6s8qar98",
  "stack": "ValidationError: DomainIngestion validation failed: analysisResults.subdomains.0: Cast to [string] failed for value \"[\\n' +\n  '  {\\n' +\n  \"    name: 'Java Fundamentals',\\n\" +\n  '    areasOfExpertise: [\\n' +\n  \"      'variables',\\n\" +\n  \"      'data types',\\n\" +\n  \"      'operators',\\n\" +\n  \"      'control structures',\\n\" +\n  \"      'functions'\\n\" +\n  '    ]\\n' +\n  '  },\\n' +\n  '  {\\n' +\n  \"    name: 'Object-Oriented Programming (OOP) Concepts',\\n\" +\n  '    areasOfExpertise: [\\n' +\n  \"      'classes',\\n\" +\n  \"      'objects',\\n\" +\n  \"      'inheritance',\\n\" +\n  \"      'polymorphism',\\n\" +\n  \"      'encapsulation'\\n\" +\n  '    ]\\n' +\n  '  },\\n' +\n  '  {\\n' +\n  \"    name: 'Java Collections Framework',\\n\" +\n  \"    areasOfExpertise: [ 'lists', 'sets', 'maps', 'queues', 'stacks' ]\\n\" +\n  '  },\\n' +\n  '  {\\n' +\n  \"    name: 'Java Stream API',\\n\" +\n  \"    areasOfExpertise: [ 'lambda expressions', 'method references', 'stream operations' ]\\n\" +\n  '  },\\n' +\n  '  {\\n' +\n  \"    name: 'Java Multithreading',\\n\" +\n  \"    areasOfExpertise: [ 'threads', 'synchronization', 'locks', 'concurrency' ]\\n\" +\n  '  },\\n' +\n  '  {\\n' +\n  \"    name: 'Java Web Development',\\n\" +\n  \"    areasOfExpertise: [ 'servlets', 'JSP', 'Spring Framework', 'Hibernate' ]\\n\" +\n  '  }\\n' +\n  ']\" (type string) at path \"analysisResults.subdomains.0\" because of \"CastError\", analysisResults.prerequisites.0: Cast to [string] failed for value \"[\\n' +\n  '  {\\n' +\n  \"    name: 'Basic programming concepts',\\n\" +\n  \"    description: 'Understanding of variables, data types, control structures, functions, and object-oriented programming concepts'\\n\" +\n  '  },\\n' +\n  '  {\\n' +\n  \"    name: 'Data structures and algorithms',\\n\" +\n  \"    description: 'Familiarity with common data structures such as arrays, linked lists, stacks, and queues, as well as basic algorithms like sorting and searching'\\n\" +\n  '  }\\n' +\n  ']\" (type string) at path \"analysisResults.prerequisites.0\" because of \"CastError\"\n    at Document.invalidate (C:\\Users\\Anuja\\Music\\JAVA\\testing_project\\server\\node_modules\\mongoose\\lib\\document.js:3358:32)\n    at model.$set (C:\\Users\\Anuja\\Music\\JAVA\\testing_project\\server\\node_modules\\mongoose\\lib\\document.js:1480:12)\n    at model.$set (C:\\Users\\Anuja\\Music\\JAVA\\testing_project\\server\\node_modules\\mongoose\\lib\\document.js:1227:14)\n    at model.$set (C:\\Users\\Anuja\\Music\\JAVA\\testing_project\\server\\node_modules\\mongoose\\lib\\document.js:1117:14)\n    at model.Document (C:\\Users\\Anuja\\Music\\JAVA\\testing_project\\server\\node_modules\\mongoose\\lib\\document.js:178:12)\n    at model.Model (C:\\Users\\Anuja\\Music\\JAVA\\testing_project\\server\\node_modules\\mongoose\\lib\\model.js:127:12)\n    at new model (C:\\Users\\Anuja\\Music\\JAVA\\testing_project\\server\\node_modules\\mongoose\\lib\\model.js:4834:15)\n    at IngestionService.saveResults (C:\\Users\\Anuja\\Music\\JAVA\\testing_project\\server\\services\\ingestion-service.js:753:31)\n    at performIngestionProcess (C:\\Users\\Anuja\\Music\\JAVA\\testing_project\\server\\controllers\\ingestController.js:537:45)",
  "service": "synaptron-backend",
  "pid": 16268,
  "hostname": "LAPTOP-MUCAVG9A",
  "sessionId": "1756084794609_f6s8qar98",
  "domain": "java",
  "error": "DomainIngestion validation failed: analysisResults.subdomains.0: Cast to [string] failed for value \"[\\n' +\n  '  {\\n' +\n  \"    name: 'Java Fundamentals',\\n\" +\n  '    areasOfExpertise: [\\n' +\n  \"      'variables',\\n\" +\n  \"      'data types',\\n\" +\n  \"      'operators',\\n\" +\n  \"      'control structures',\\n\" +\n  \"      'functions'\\n\" +\n  '    ]\\n' +\n  '  },\\n' +\n  '  {\\n' +\n  \"    name: 'Object-Oriented Programming (OOP) Concepts',\\n\" +\n  '    areasOfExpertise: [\\n' +\n  \"      'classes',\\n\" +\n  \"      'objects',\\n\" +\n  \"      'inheritance',\\n\" +\n  \"      'polymorphism',\\n\" +\n  \"      'encapsulation'\\n\" +\n  '    ]\\n' +\n  '  },\\n' +\n  '  {\\n' +\n  \"    name: 'Java Collections Framework',\\n\" +\n  \"    areasOfExpertise: [ 'lists', 'sets', 'maps', 'queues', 'stacks' ]\\n\" +\n  '  },\\n' +\n  '  {\\n' +\n  \"    name: 'Java Stream API',\\n\" +\n  \"    areasOfExpertise: [ 'lambda expressions', 'method references', 'stream operations' ]\\n\" +\n  '  },\\n' +\n  '  {\\n' +\n  \"    name: 'Java Multithreading',\\n\" +\n  \"    areasOfExpertise: [ 'threads', 'synchronization', 'locks', 'concurrency' ]\\n\" +\n  '  },\\n' +\n  '  {\\n' +\n  \"    name: 'Java Web Development',\\n\" +\n  \"    areasOfExpertise: [ 'servlets', 'JSP', 'Spring Framework', 'Hibernate' ]\\n\" +\n  '  }\\n' +\n  ']\" (type string) at path \"analysisResults.subdomains.0\" because of \"CastError\", analysisResults.prerequisites.0: Cast to [string] failed for value \"[\\n' +\n  '  {\\n' +\n  \"    name: 'Basic programming concepts',\\n\" +\n  \"    description: 'Understanding of variables, data types, control structures, functions, and object-oriented programming concepts'\\n\" +\n  '  },\\n' +\n  '  {\\n' +\n  \"    name: 'Data structures and algorithms',\\n\" +\n  \"    description: 'Familiarity with common data structures such as arrays, linked lists, stacks, and queues, as well as basic algorithms like sorting and searching'\\n\" +\n  '  }\\n' +\n  ']\" (type string) at path \"analysisResults.prerequisites.0\" because of \"CastError\"",
  "duration": "58747ms"
}
{
  "timestamp": "2025-08-25T01:20:53.395Z",
  "level": "error",
  "message": "Application Error DomainIngestion validation failed: analysisResults.subdomains.0: Cast to [string] failed for value \"[\\n' +\n  '  {\\n' +\n  \"    name: 'Java Fundamentals',\\n\" +\n  '    areasOfExpertise: [\\n' +\n  \"      'variables',\\n\" +\n  \"      'data types',\\n\" +\n  \"      'operators',\\n\" +\n  \"      'control structures',\\n\" +\n  \"      'functions'\\n\" +\n  '    ]\\n' +\n  '  },\\n' +\n  '  {\\n' +\n  \"    name: 'Object-Oriented Programming (OOP) Concepts',\\n\" +\n  '    areasOfExpertise: [\\n' +\n  \"      'classes',\\n\" +\n  \"      'objects',\\n\" +\n  \"      'inheritance',\\n\" +\n  \"      'polymorphism',\\n\" +\n  \"      'encapsulation'\\n\" +\n  '    ]\\n' +\n  '  },\\n' +\n  '  {\\n' +\n  \"    name: 'Java Collections Framework',\\n\" +\n  \"    areasOfExpertise: [ 'lists', 'sets', 'maps', 'queues', 'stacks' ]\\n\" +\n  '  },\\n' +\n  '  {\\n' +\n  \"    name: 'Java Stream API',\\n\" +\n  \"    areasOfExpertise: [ 'lambda expressions', 'method references', 'stream operations' ]\\n\" +\n  '  },\\n' +\n  '  {\\n' +\n  \"    name: 'Java Multithreading',\\n\" +\n  \"    areasOfExpertise: [ 'threads', 'synchronization', 'locks', 'concurrency' ]\\n\" +\n  '  },\\n' +\n  '  {\\n' +\n  \"    name: 'Java Web Development',\\n\" +\n  \"    areasOfExpertise: [ 'servlets', 'JSP', 'Spring Framework', 'Hibernate' ]\\n\" +\n  '  }\\n' +\n  ']\" (type string) at path \"analysisResults.subdomains.0\" because of \"CastError\", analysisResults.prerequisites.0: Cast to [string] failed for value \"[\\n' +\n  '  {\\n' +\n  \"    name: 'Basic programming concepts',\\n\" +\n  \"    description: 'Understanding of variables, data types, control structures, functions, and object-oriented programming concepts'\\n\" +\n  '  },\\n' +\n  '  {\\n' +\n  \"    name: 'Data structures and algorithms',\\n\" +\n  \"    description: 'Familiarity with common data structures such as arrays, linked lists, stacks, and queues, as well as basic algorithms like sorting and searching'\\n\" +\n  '  }\\n' +\n  ']\" (type string) at path \"analysisResults.prerequisites.0\" because of \"CastError\"",
  "stack": "ValidationError: DomainIngestion validation failed: analysisResults.subdomains.0: Cast to [string] failed for value \"[\\n' +\n  '  {\\n' +\n  \"    name: 'Java Fundamentals',\\n\" +\n  '    areasOfExpertise: [\\n' +\n  \"      'variables',\\n\" +\n  \"      'data types',\\n\" +\n  \"      'operators',\\n\" +\n  \"      'control structures',\\n\" +\n  \"      'functions'\\n\" +\n  '    ]\\n' +\n  '  },\\n' +\n  '  {\\n' +\n  \"    name: 'Object-Oriented Programming (OOP) Concepts',\\n\" +\n  '    areasOfExpertise: [\\n' +\n  \"      'classes',\\n\" +\n  \"      'objects',\\n\" +\n  \"      'inheritance',\\n\" +\n  \"      'polymorphism',\\n\" +\n  \"      'encapsulation'\\n\" +\n  '    ]\\n' +\n  '  },\\n' +\n  '  {\\n' +\n  \"    name: 'Java Collections Framework',\\n\" +\n  \"    areasOfExpertise: [ 'lists', 'sets', 'maps', 'queues', 'stacks' ]\\n\" +\n  '  },\\n' +\n  '  {\\n' +\n  \"    name: 'Java Stream API',\\n\" +\n  \"    areasOfExpertise: [ 'lambda expressions', 'method references', 'stream operations' ]\\n\" +\n  '  },\\n' +\n  '  {\\n' +\n  \"    name: 'Java Multithreading',\\n\" +\n  \"    areasOfExpertise: [ 'threads', 'synchronization', 'locks', 'concurrency' ]\\n\" +\n  '  },\\n' +\n  '  {\\n' +\n  \"    name: 'Java Web Development',\\n\" +\n  \"    areasOfExpertise: [ 'servlets', 'JSP', 'Spring Framework', 'Hibernate' ]\\n\" +\n  '  }\\n' +\n  ']\" (type string) at path \"analysisResults.subdomains.0\" because of \"CastError\", analysisResults.prerequisites.0: Cast to [string] failed for value \"[\\n' +\n  '  {\\n' +\n  \"    name: 'Basic programming concepts',\\n\" +\n  \"    description: 'Understanding of variables, data types, control structures, functions, and object-oriented programming concepts'\\n\" +\n  '  },\\n' +\n  '  {\\n' +\n  \"    name: 'Data structures and algorithms',\\n\" +\n  \"    description: 'Familiarity with common data structures such as arrays, linked lists, stacks, and queues, as well as basic algorithms like sorting and searching'\\n\" +\n  '  }\\n' +\n  ']\" (type string) at path \"analysisResults.prerequisites.0\" because of \"CastError\"\n    at Document.invalidate (C:\\Users\\Anuja\\Music\\JAVA\\testing_project\\server\\node_modules\\mongoose\\lib\\document.js:3358:32)\n    at model.$set (C:\\Users\\Anuja\\Music\\JAVA\\testing_project\\server\\node_modules\\mongoose\\lib\\document.js:1480:12)\n    at model.$set (C:\\Users\\Anuja\\Music\\JAVA\\testing_project\\server\\node_modules\\mongoose\\lib\\document.js:1227:14)\n    at model.$set (C:\\Users\\Anuja\\Music\\JAVA\\testing_project\\server\\node_modules\\mongoose\\lib\\document.js:1117:14)\n    at model.Document (C:\\Users\\Anuja\\Music\\JAVA\\testing_project\\server\\node_modules\\mongoose\\lib\\document.js:178:12)\n    at model.Model (C:\\Users\\Anuja\\Music\\JAVA\\testing_project\\server\\node_modules\\mongoose\\lib\\model.js:127:12)\n    at new model (C:\\Users\\Anuja\\Music\\JAVA\\testing_project\\server\\node_modules\\mongoose\\lib\\model.js:4834:15)\n    at IngestionService.saveResults (C:\\Users\\Anuja\\Music\\JAVA\\testing_project\\server\\services\\ingestion-service.js:753:31)\n    at performIngestionProcess (C:\\Users\\Anuja\\Music\\JAVA\\testing_project\\server\\controllers\\ingestController.js:537:45)",
  "service": "synaptron-backend",
  "pid": 16268,
  "hostname": "LAPTOP-MUCAVG9A",
  "name": "ValidationError",
  "action": "performIngestionProcess",
  "sessionId": "1756084794609_f6s8qar98",
  "domain": "java",
  "duration": 58747
}
{
  "timestamp": "2025-08-25T02:08:51.470Z",
  "level": "error",
  "message": "Ingestion failed for session 1756087653815_4ao189814",
  "stack": "ValidationError: DomainIngestion validation failed: analysisResults.subdomains.0: Cast to [string] failed for value \"[\\n' +\n  '  {\\n' +\n  \"    name: 'Front-end Development',\\n\" +\n  \"    areasOfExpertise: [ 'HTML', 'CSS', 'JavaScript', 'React', 'Angular', 'Vue.js' ]\\n\" +\n  '  },\\n' +\n  '  {\\n' +\n  \"    name: 'Back-end Development',\\n\" +\n  '    areasOfExpertise: [\\n' +\n  \"      'Server-side programming languages (e.g., Python, Ruby, PHP)',\\n\" +\n  \"      'Database management systems (e.g., MySQL, MongoDB)',\\n\" +\n  \"      'API design'\\n\" +\n  '    ]\\n' +\n  '  },\\n' +\n  '  {\\n' +\n  \"    name: 'Full-stack Development',\\n\" +\n  \"    areasOfExpertise: [ 'Combining front-end and back-end development skills' ]\\n\" +\n  '  },\\n' +\n  '  {\\n' +\n  \"    name: 'Web Security',\\n\" +\n  '    areasOfExpertise: [\\n' +\n  \"      'Secure coding practices',\\n\" +\n  \"      'Vulnerability assessment',\\n\" +\n  \"      'Penetration testing'\\n\" +\n  '    ]\\n' +\n  '  },\\n' +\n  '  {\\n' +\n  \"    name: 'Web Performance Optimization',\\n\" +\n  '    areasOfExpertise: [\\n' +\n  \"      'Page speed optimization',\\n\" +\n  \"      'Caching',\\n\" +\n  \"      'Content delivery networks (CDNs)'\\n\" +\n  '    ]\\n' +\n  '  }\\n' +\n  ']\" (type string) at path \"analysisResults.subdomains.0\" because of \"CastError\"\n    at Document.invalidate (C:\\Users\\Anuja\\Music\\JAVA\\testing_project\\server\\node_modules\\mongoose\\lib\\document.js:3358:32)\n    at model.$set (C:\\Users\\Anuja\\Music\\JAVA\\testing_project\\server\\node_modules\\mongoose\\lib\\document.js:1480:12)\n    at model.$set (C:\\Users\\Anuja\\Music\\JAVA\\testing_project\\server\\node_modules\\mongoose\\lib\\document.js:1227:14)\n    at model.$set (C:\\Users\\Anuja\\Music\\JAVA\\testing_project\\server\\node_modules\\mongoose\\lib\\document.js:1117:14)\n    at model.Document (C:\\Users\\Anuja\\Music\\JAVA\\testing_project\\server\\node_modules\\mongoose\\lib\\document.js:178:12)\n    at model.Model (C:\\Users\\Anuja\\Music\\JAVA\\testing_project\\server\\node_modules\\mongoose\\lib\\model.js:127:12)\n    at new model (C:\\Users\\Anuja\\Music\\JAVA\\testing_project\\server\\node_modules\\mongoose\\lib\\model.js:4834:15)\n    at IngestionService.saveResults (C:\\Users\\Anuja\\Music\\JAVA\\testing_project\\server\\services\\ingestion-service.js:753:31)\n    at performIngestionProcess (C:\\Users\\Anuja\\Music\\JAVA\\testing_project\\server\\controllers\\ingestController.js:537:45)",
  "service": "synaptron-backend",
  "pid": 10624,
  "hostname": "LAPTOP-MUCAVG9A",
  "sessionId": "1756087653815_4ao189814",
  "domain": "Web Development",
  "error": "DomainIngestion validation failed: analysisResults.subdomains.0: Cast to [string] failed for value \"[\\n' +\n  '  {\\n' +\n  \"    name: 'Front-end Development',\\n\" +\n  \"    areasOfExpertise: [ 'HTML', 'CSS', 'JavaScript', 'React', 'Angular', 'Vue.js' ]\\n\" +\n  '  },\\n' +\n  '  {\\n' +\n  \"    name: 'Back-end Development',\\n\" +\n  '    areasOfExpertise: [\\n' +\n  \"      'Server-side programming languages (e.g., Python, Ruby, PHP)',\\n\" +\n  \"      'Database management systems (e.g., MySQL, MongoDB)',\\n\" +\n  \"      'API design'\\n\" +\n  '    ]\\n' +\n  '  },\\n' +\n  '  {\\n' +\n  \"    name: 'Full-stack Development',\\n\" +\n  \"    areasOfExpertise: [ 'Combining front-end and back-end development skills' ]\\n\" +\n  '  },\\n' +\n  '  {\\n' +\n  \"    name: 'Web Security',\\n\" +\n  '    areasOfExpertise: [\\n' +\n  \"      'Secure coding practices',\\n\" +\n  \"      'Vulnerability assessment',\\n\" +\n  \"      'Penetration testing'\\n\" +\n  '    ]\\n' +\n  '  },\\n' +\n  '  {\\n' +\n  \"    name: 'Web Performance Optimization',\\n\" +\n  '    areasOfExpertise: [\\n' +\n  \"      'Page speed optimization',\\n\" +\n  \"      'Caching',\\n\" +\n  \"      'Content delivery networks (CDNs)'\\n\" +\n  '    ]\\n' +\n  '  }\\n' +\n  ']\" (type string) at path \"analysisResults.subdomains.0\" because of \"CastError\"",
  "duration": "77644ms"
}
{
  "timestamp": "2025-08-25T02:08:51.478Z",
  "level": "error",
  "message": "Application Error DomainIngestion validation failed: analysisResults.subdomains.0: Cast to [string] failed for value \"[\\n' +\n  '  {\\n' +\n  \"    name: 'Front-end Development',\\n\" +\n  \"    areasOfExpertise: [ 'HTML', 'CSS', 'JavaScript', 'React', 'Angular', 'Vue.js' ]\\n\" +\n  '  },\\n' +\n  '  {\\n' +\n  \"    name: 'Back-end Development',\\n\" +\n  '    areasOfExpertise: [\\n' +\n  \"      'Server-side programming languages (e.g., Python, Ruby, PHP)',\\n\" +\n  \"      'Database management systems (e.g., MySQL, MongoDB)',\\n\" +\n  \"      'API design'\\n\" +\n  '    ]\\n' +\n  '  },\\n' +\n  '  {\\n' +\n  \"    name: 'Full-stack Development',\\n\" +\n  \"    areasOfExpertise: [ 'Combining front-end and back-end development skills' ]\\n\" +\n  '  },\\n' +\n  '  {\\n' +\n  \"    name: 'Web Security',\\n\" +\n  '    areasOfExpertise: [\\n' +\n  \"      'Secure coding practices',\\n\" +\n  \"      'Vulnerability assessment',\\n\" +\n  \"      'Penetration testing'\\n\" +\n  '    ]\\n' +\n  '  },\\n' +\n  '  {\\n' +\n  \"    name: 'Web Performance Optimization',\\n\" +\n  '    areasOfExpertise: [\\n' +\n  \"      'Page speed optimization',\\n\" +\n  \"      'Caching',\\n\" +\n  \"      'Content delivery networks (CDNs)'\\n\" +\n  '    ]\\n' +\n  '  }\\n' +\n  ']\" (type string) at path \"analysisResults.subdomains.0\" because of \"CastError\"",
  "stack": "ValidationError: DomainIngestion validation failed: analysisResults.subdomains.0: Cast to [string] failed for value \"[\\n' +\n  '  {\\n' +\n  \"    name: 'Front-end Development',\\n\" +\n  \"    areasOfExpertise: [ 'HTML', 'CSS', 'JavaScript', 'React', 'Angular', 'Vue.js' ]\\n\" +\n  '  },\\n' +\n  '  {\\n' +\n  \"    name: 'Back-end Development',\\n\" +\n  '    areasOfExpertise: [\\n' +\n  \"      'Server-side programming languages (e.g., Python, Ruby, PHP)',\\n\" +\n  \"      'Database management systems (e.g., MySQL, MongoDB)',\\n\" +\n  \"      'API design'\\n\" +\n  '    ]\\n' +\n  '  },\\n' +\n  '  {\\n' +\n  \"    name: 'Full-stack Development',\\n\" +\n  \"    areasOfExpertise: [ 'Combining front-end and back-end development skills' ]\\n\" +\n  '  },\\n' +\n  '  {\\n' +\n  \"    name: 'Web Security',\\n\" +\n  '    areasOfExpertise: [\\n' +\n  \"      'Secure coding practices',\\n\" +\n  \"      'Vulnerability assessment',\\n\" +\n  \"      'Penetration testing'\\n\" +\n  '    ]\\n' +\n  '  },\\n' +\n  '  {\\n' +\n  \"    name: 'Web Performance Optimization',\\n\" +\n  '    areasOfExpertise: [\\n' +\n  \"      'Page speed optimization',\\n\" +\n  \"      'Caching',\\n\" +\n  \"      'Content delivery networks (CDNs)'\\n\" +\n  '    ]\\n' +\n  '  }\\n' +\n  ']\" (type string) at path \"analysisResults.subdomains.0\" because of \"CastError\"\n    at Document.invalidate (C:\\Users\\Anuja\\Music\\JAVA\\testing_project\\server\\node_modules\\mongoose\\lib\\document.js:3358:32)\n    at model.$set (C:\\Users\\Anuja\\Music\\JAVA\\testing_project\\server\\node_modules\\mongoose\\lib\\document.js:1480:12)\n    at model.$set (C:\\Users\\Anuja\\Music\\JAVA\\testing_project\\server\\node_modules\\mongoose\\lib\\document.js:1227:14)\n    at model.$set (C:\\Users\\Anuja\\Music\\JAVA\\testing_project\\server\\node_modules\\mongoose\\lib\\document.js:1117:14)\n    at model.Document (C:\\Users\\Anuja\\Music\\JAVA\\testing_project\\server\\node_modules\\mongoose\\lib\\document.js:178:12)\n    at model.Model (C:\\Users\\Anuja\\Music\\JAVA\\testing_project\\server\\node_modules\\mongoose\\lib\\model.js:127:12)\n    at new model (C:\\Users\\Anuja\\Music\\JAVA\\testing_project\\server\\node_modules\\mongoose\\lib\\model.js:4834:15)\n    at IngestionService.saveResults (C:\\Users\\Anuja\\Music\\JAVA\\testing_project\\server\\services\\ingestion-service.js:753:31)\n    at performIngestionProcess (C:\\Users\\Anuja\\Music\\JAVA\\testing_project\\server\\controllers\\ingestController.js:537:45)",
  "service": "synaptron-backend",
  "pid": 10624,
  "hostname": "LAPTOP-MUCAVG9A",
  "name": "ValidationError",
  "action": "performIngestionProcess",
  "sessionId": "1756087653815_4ao189814",
  "domain": "Web Development",
  "duration": 77644
}
{
  "timestamp": "2025-08-25T02:21:27.800Z",
  "level": "error",
  "message": "Very Slow Operation",
  "service": "synaptron-backend",
  "pid": 14244,
  "hostname": "LAPTOP-MUCAVG9A",
  "operation": "complete_ingestion",
  "duration": "54848ms",
  "memoryUsage": {
    "rss": 93634560,
    "heapTotal": 51974144,
    "heapUsed": 48715464,
    "external": 22967290,
    "arrayBuffers": 19376106
  },
  "sessionId": "1756088432937_l9t3mve4u",
  "domain": "Frontend Development",
  "resultsCount": 0
}
{
  "timestamp": "2025-08-25T02:25:33.027Z",
  "level": "error",
  "message": "Very Slow Operation",
  "service": "synaptron-backend",
  "pid": 14244,
  "hostname": "LAPTOP-MUCAVG9A",
  "operation": "complete_ingestion",
  "duration": "77651ms",
  "memoryUsage": {
    "rss": 95133696,
    "heapTotal": 51589120,
    "heapUsed": 48413000,
    "external": 22972754,
    "arrayBuffers": 19381570
  },
  "sessionId": "1756088655367_fuuwqjm6q",
  "domain": "java programming langugae",
  "resultsCount": 0
}
{
  "timestamp": "2025-08-25T02:29:47.882Z",
  "level": "error",
  "message": "Very Slow Operation",
  "service": "synaptron-backend",
  "pid": 14244,
  "hostname": "LAPTOP-MUCAVG9A",
  "operation": "complete_ingestion",
  "duration": "63028ms",
  "memoryUsage": {
    "rss": 87584768,
    "heapTotal": 52637696,
    "heapUsed": 49320944,
    "external": 23369837,
    "arrayBuffers": 19778653
  },
  "sessionId": "1756088924846_oi3m7k983",
  "domain": "DevOps",
  "resultsCount": 0
}
{
  "timestamp": "2025-08-25T02:32:50.259Z",
  "level": "error",
  "message": "Very Slow Operation",
  "service": "synaptron-backend",
  "pid": 14244,
  "hostname": "LAPTOP-MUCAVG9A",
  "operation": "complete_ingestion",
  "duration": "50780ms",
  "memoryUsage": {
    "rss": 92139520,
    "heapTotal": 54439936,
    "heapUsed": 51631704,
    "external": 24715096,
    "arrayBuffers": 21123912
  },
  "sessionId": "1756089119473_45xoxlp11",
  "domain": "Data Science",
  "resultsCount": 0
}
{
  "timestamp": "2025-08-25T02:40:51.455Z",
  "level": "error",
  "message": "Very Slow Operation",
  "service": "synaptron-backend",
  "pid": 14244,
  "hostname": "LAPTOP-MUCAVG9A",
  "operation": "complete_ingestion",
  "duration": "53011ms",
  "memoryUsage": {
    "rss": 87056384,
    "heapTotal": 53358592,
    "heapUsed": 46605528,
    "external": 22069772,
    "arrayBuffers": 18478588
  },
  "sessionId": "1756089598438_2pmljw9k2",
  "domain": "chemistry",
  "resultsCount": 0
}
{
  "timestamp": "2025-08-25T02:43:23.757Z",
  "level": "error",
  "message": "Very Slow Operation",
  "service": "synaptron-backend",
  "pid": 14244,
  "hostname": "LAPTOP-MUCAVG9A",
  "operation": "complete_ingestion",
  "duration": "60836ms",
  "memoryUsage": {
    "rss": 88219648,
    "heapTotal": 53813248,
    "heapUsed": 48135424,
    "external": 22804538,
    "arrayBuffers": 19213354
  },
  "sessionId": "1756089742915_9bccapmpp",
  "domain": "arijit singh",
  "resultsCount": 0
}
{
  "timestamp": "2025-08-25T03:19:32.839Z",
  "level": "error",
  "message": "Very Slow Operation",
  "service": "synaptron-backend",
  "pid": 16700,
  "hostname": "LAPTOP-MUCAVG9A",
  "operation": "complete_ingestion",
  "duration": "57920ms",
  "memoryUsage": {
    "rss": 92979200,
    "heapTotal": 49688576,
    "heapUsed": 47256344,
    "external": 22618939,
    "arrayBuffers": 19027755
  },
  "sessionId": "1756091914904_37svf1kbc",
  "domain": "python",
  "resultsCount": 0
}
{
  "timestamp": "2025-08-25T04:03:57.028Z",
  "level": "error",
  "message": "Very Slow Operation",
  "service": "synaptron-backend",
  "pid": 19596,
  "hostname": "LAPTOP-MUCAVG9A",
  "operation": "complete_ingestion",
  "duration": "72595ms",
  "memoryUsage": {
    "rss": 93700096,
    "heapTotal": 46804992,
    "heapUsed": 43026416,
    "external": 22082379,
    "arrayBuffers": 18505792
  },
  "sessionId": "1756094564422_605ax4rok",
  "domain": "html",
  "resultsCount": 0
}
{
  "timestamp": "2025-08-25T04:14:44.535Z",
  "level": "error",
  "message": "Very Slow Operation",
  "service": "synaptron-backend",
  "pid": 9076,
  "hostname": "LAPTOP-MUCAVG9A",
  "operation": "complete_ingestion",
  "duration": "74214ms",
  "memoryUsage": {
    "rss": 73371648,
    "heapTotal": 56131584,
    "heapUsed": 52029992,
    "external": 22091108,
    "arrayBuffers": 18515926
  },
  "sessionId": "1756095210313_mk0gllxud",
  "domain": "html",
  "resultsCount": 0
}
{
  "timestamp": "2025-08-25T04:21:34.546Z",
  "level": "error",
  "message": "Very Slow Operation",
  "service": "synaptron-backend",
  "pid": 22340,
  "hostname": "LAPTOP-MUCAVG9A",
  "operation": "complete_ingestion",
  "duration": "97626ms",
  "memoryUsage": {
    "rss": 91607040,
    "heapTotal": 47067136,
    "heapUsed": 42726248,
    "external": 22074315,
    "arrayBuffers": 18499133
  },
  "sessionId": "1756095596913_pwcw5q2t0",
  "domain": "java",
  "resultsCount": 0
}
{
  "timestamp": "2025-08-25T04:34:20.453Z",
  "level": "error",
  "message": "Very Slow Operation",
  "service": "synaptron-backend",
  "pid": 22340,
  "hostname": "LAPTOP-MUCAVG9A",
  "operation": "complete_ingestion",
  "duration": "57595ms",
  "memoryUsage": {
    "rss": 100839424,
    "heapTotal": 84815872,
    "heapUsed": 45299848,
    "external": 22330205,
    "arrayBuffers": 18755023
  },
  "sessionId": "1756096402712_30yv0keb0",
  "domain": "Blockchain Development",
  "resultsCount": 0
}
{
  "timestamp": "2025-08-25T04:40:22.117Z",
  "level": "error",
  "message": "Very Slow Operation",
  "service": "synaptron-backend",
  "pid": 22340,
  "hostname": "LAPTOP-MUCAVG9A",
  "operation": "complete_ingestion",
  "duration": "34779ms",
  "memoryUsage": {
    "rss": 64282624,
    "heapTotal": 52310016,
    "heapUsed": 44033384,
    "external": 22376488,
    "arrayBuffers": 18801306
  },
  "sessionId": "1756096787332_ov7f1ncb3",
  "domain": "Data Science",
  "resultsCount": 0
}
{
  "timestamp": "2025-08-25T04:45:14.375Z",
  "level": "error",
  "message": "Very Slow Operation",
  "service": "synaptron-backend",
  "pid": 22340,
  "hostname": "LAPTOP-MUCAVG9A",
  "operation": "complete_ingestion",
  "duration": "21489ms",
  "memoryUsage": {
    "rss": 67653632,
    "heapTotal": 50737152,
    "heapUsed": 44254264,
    "external": 22504266,
    "arrayBuffers": 18929084
  },
  "sessionId": "1756097092884_jcue8521g",
  "domain": "java",
  "resultsCount": 0
}
{
  "timestamp": "2025-08-25T04:49:24.160Z",
  "level": "error",
  "message": "Very Slow Operation",
  "service": "synaptron-backend",
  "pid": 22340,
  "hostname": "LAPTOP-MUCAVG9A",
  "operation": "complete_ingestion",
  "duration": "21042ms",
  "memoryUsage": {
    "rss": 121909248,
    "heapTotal": 88182784,
    "heapUsed": 47479040,
    "external": 22641498,
    "arrayBuffers": 19066316
  },
  "sessionId": "1756097343116_ilvpv53bk",
  "domain": "java",
  "resultsCount": 0
}
{
  "timestamp": "2025-08-25T04:56:00.828Z",
  "level": "error",
  "message": "Very Slow Operation",
  "service": "synaptron-backend",
  "pid": 22340,
  "hostname": "LAPTOP-MUCAVG9A",
  "operation": "complete_ingestion",
  "duration": "23745ms",
  "memoryUsage": {
    "rss": 122667008,
    "heapTotal": 88539136,
    "heapUsed": 47956808,
    "external": 22745558,
    "arrayBuffers": 19170376
  },
  "sessionId": "1756097737081_s3nkrnoq0",
  "domain": "python",
  "resultsCount": 0
}
{
  "timestamp": "2025-08-25T05:05:55.871Z",
  "level": "error",
  "message": "Very Slow Operation",
  "service": "synaptron-backend",
  "pid": 6324,
  "hostname": "LAPTOP-MUCAVG9A",
  "operation": "complete_ingestion",
  "duration": "22620ms",
  "memoryUsage": {
    "rss": 139505664,
    "heapTotal": 94048256,
    "heapUsed": 64903656,
    "external": 22771260,
    "arrayBuffers": 19187867
  },
  "sessionId": "1756098333231_19n1qqojd",
  "domain": "java",
  "resultsCount": 0
}
{
  "timestamp": "2025-08-25T05:10:33.004Z",
  "level": "error",
  "message": "Very Slow Operation",
  "service": "synaptron-backend",
  "pid": 6324,
  "hostname": "LAPTOP-MUCAVG9A",
  "operation": "complete_ingestion",
  "duration": "30681ms",
  "memoryUsage": {
    "rss": 86761472,
    "heapTotal": 83767296,
    "heapUsed": 46828224,
    "external": 22349388,
    "arrayBuffers": 18764450
  },
  "sessionId": "1756098602313_0uhpgan78",
  "domain": "Blockchain Development",
  "resultsCount": 0
}
{
  "timestamp": "2025-08-25T05:17:38.304Z",
  "level": "error",
  "message": "Very Slow Operation",
  "service": "synaptron-backend",
  "pid": 6324,
  "hostname": "LAPTOP-MUCAVG9A",
  "operation": "complete_ingestion",
  "duration": "24814ms",
  "memoryUsage": {
    "rss": 101109760,
    "heapTotal": 79900672,
    "heapUsed": 51639896,
    "external": 22609935,
    "arrayBuffers": 19034753
  },
  "sessionId": "1756099033482_3o4osknvb",
  "domain": "Blockchain Development",
  "resultsCount": 0
}
{
  "timestamp": "2025-08-25T05:22:15.155Z",
  "level": "error",
  "message": "Very Slow Operation",
  "service": "synaptron-backend",
  "pid": 17068,
  "hostname": "LAPTOP-MUCAVG9A",
  "operation": "complete_ingestion",
  "duration": "21488ms",
  "memoryUsage": {
    "rss": 134774784,
    "heapTotal": 86446080,
    "heapUsed": 56610904,
    "external": 22496848,
    "arrayBuffers": 18913455
  },
  "sessionId": "1756099313659_llzb0s8ob",
  "domain": "java",
  "resultsCount": 0
}
{
  "timestamp": "2025-08-25T05:25:03.462Z",
  "level": "error",
  "message": "Very Slow Operation",
  "service": "synaptron-backend",
  "pid": 17068,
  "hostname": "LAPTOP-MUCAVG9A",
  "operation": "complete_ingestion",
  "duration": "21548ms",
  "memoryUsage": {
    "rss": 153989120,
    "heapTotal": 109105152,
    "heapUsed": 77285424,
    "external": 23410353,
    "arrayBuffers": 19835171
  },
  "sessionId": "1756099481895_cwayqf50d",
  "domain": "java",
  "resultsCount": 0
}
{
  "timestamp": "2025-08-25T05:31:04.316Z",
  "level": "error",
  "message": "Very Slow Operation",
  "service": "synaptron-backend",
  "pid": 17068,
  "hostname": "LAPTOP-MUCAVG9A",
  "operation": "complete_ingestion",
  "duration": "22984ms",
  "memoryUsage": {
    "rss": 127238144,
    "heapTotal": 88051712,
    "heapUsed": 54504552,
    "external": 22826076,
    "arrayBuffers": 19250894
  },
  "sessionId": "1756099841322_moo8mjxmw",
  "domain": "java",
  "resultsCount": 0
}
{
  "timestamp": "2025-08-25T05:31:19.947Z",
  "level": "error",
  "message": "Very Slow Operation",
  "service": "synaptron-backend",
  "pid": 17068,
  "hostname": "LAPTOP-MUCAVG9A",
  "operation": "complete_ingestion",
  "duration": "10623ms",
  "memoryUsage": {
    "rss": 124874752,
    "heapTotal": 88051712,
    "heapUsed": 52178248,
    "external": 22316588,
    "arrayBuffers": 18741406
  },
  "sessionId": "1756099869316_zz42xjazt",
  "domain": "Cloud Architecture",
  "resultsCount": 0
}
{
  "timestamp": "2025-08-25T05:33:59.461Z",
  "level": "error",
  "message": "Very Slow Operation",
  "service": "synaptron-backend",
  "pid": 17068,
  "hostname": "LAPTOP-MUCAVG9A",
  "operation": "complete_ingestion",
  "duration": "21023ms",
  "memoryUsage": {
    "rss": 141152256,
    "heapTotal": 106225664,
    "heapUsed": 82674904,
    "external": 23822385,
    "arrayBuffers": 20247203
  },
  "sessionId": "1756100018430_i1mwmxhrv",
  "domain": "java",
  "resultsCount": 0
}
{
  "timestamp": "2025-08-25T05:43:22.678Z",
  "level": "error",
  "message": "Very Slow Operation",
  "service": "synaptron-backend",
  "pid": 18012,
  "hostname": "LAPTOP-MUCAVG9A",
  "operation": "complete_ingestion",
  "duration": "33955ms",
  "memoryUsage": {
    "rss": 101945344,
    "heapTotal": 50352128,
    "heapUsed": 48277256,
    "external": 22728330,
    "arrayBuffers": 19137146
  },
  "sessionId": "1756100568704_mpzi15n4n",
  "domain": "pav bhaji",
  "resultsCount": 0
}
{
  "timestamp": "2025-08-25T05:51:12.424Z",
  "level": "error",
  "message": "Very Slow Operation",
  "service": "synaptron-backend",
  "pid": 21072,
  "hostname": "LAPTOP-MUCAVG9A",
  "operation": "complete_ingestion",
  "duration": "26314ms",
  "memoryUsage": {
    "rss": 101437440,
    "heapTotal": 50876416,
    "heapUsed": 48162048,
    "external": 22750765,
    "arrayBuffers": 19159581
  },
  "sessionId": "1756101046066_slsb9271n",
  "domain": "pav bhaji",
  "resultsCount": 0
}
{
  "timestamp": "2025-08-25T05:52:44.892Z",
  "level": "error",
  "message": "Very Slow Operation",
  "service": "synaptron-backend",
  "pid": 21072,
  "hostname": "LAPTOP-MUCAVG9A",
  "operation": "complete_ingestion",
  "duration": "22273ms",
  "memoryUsage": {
    "rss": 105508864,
    "heapTotal": 53112832,
    "heapUsed": 50801848,
    "external": 23725389,
    "arrayBuffers": 20134205
  },
  "sessionId": "1756101142614_gkq7x0dww",
  "domain": "Blockchain Development",
  "resultsCount": 0
}
{
  "timestamp": "2025-08-25T05:56:33.554Z",
  "level": "error",
  "message": "Very Slow Operation",
  "service": "synaptron-backend",
  "pid": 14756,
  "hostname": "LAPTOP-MUCAVG9A",
  "operation": "complete_ingestion",
  "duration": "35715ms",
  "memoryUsage": {
    "rss": 100343808,
    "heapTotal": 51040256,
    "heapUsed": 48715592,
    "external": 22955640,
    "arrayBuffers": 19364456
  },
  "sessionId": "1756101357804_i7qwq6h2v",
  "domain": "Quantum Computing",
  "resultsCount": 0
}
{
  "timestamp": "2025-08-25T06:00:35.891Z",
  "level": "error",
  "message": "Very Slow Operation",
  "service": "synaptron-backend",
  "pid": 20864,
  "hostname": "LAPTOP-MUCAVG9A",
  "operation": "complete_ingestion",
  "duration": "21909ms",
  "memoryUsage": {
    "rss": 99885056,
    "heapTotal": 50876416,
    "heapUsed": 48468720,
    "external": 22736590,
    "arrayBuffers": 19145406
  },
  "sessionId": "1756101613951_o1ihdr36v",
  "domain": "pav bhaji",
  "resultsCount": 0
}
{
  "timestamp": "2025-08-25T06:01:57.130Z",
  "level": "error",
  "message": "Very Slow Operation",
  "service": "synaptron-backend",
  "pid": 20864,
  "hostname": "LAPTOP-MUCAVG9A",
  "operation": "complete_ingestion",
  "duration": "19681ms",
  "memoryUsage": {
    "rss": 103358464,
    "heapTotal": 53112832,
    "heapUsed": 50377312,
    "external": 23587620,
    "arrayBuffers": 19996436
  },
  "sessionId": "1756101697441_xkjru638l",
  "domain": "vada pav",
  "resultsCount": 0
}
{
  "timestamp": "2025-08-25T13:56:26.464Z",
  "level": "error",
  "message": "Very Slow Operation",
  "service": "synaptron-backend",
  "pid": 7252,
  "hostname": "LAPTOP-MUCAVG9A",
  "operation": "complete_ingestion",
  "duration": "39945ms",
  "memoryUsage": {
    "rss": 55439360,
    "heapTotal": 53739520,
    "heapUsed": 49913768,
    "external": 23556886,
    "arrayBuffers": 19965702
  },
  "sessionId": "1756130146324_bexndqmll",
  "domain": "Advanced React.js development with TypeScript, focusing on performance optimization and modern patterns...",
  "resultsCount": 0
}
{
  "timestamp": "2025-08-27T13:26:53.132Z",
  "level": "error",
  "message": "Very Slow Operation",
  "service": "synaptron-backend",
  "pid": 3048,
  "hostname": "LAPTOP-MUCAVG9A",
  "operation": "complete_ingestion",
  "duration": "43927ms",
  "memoryUsage": {
    "rss": 50614272,
    "heapTotal": 50475008,
    "heapUsed": 48176928,
    "external": 22722948,
    "arrayBuffers": 19131764
  },
  "sessionId": "1756301168852_vml9jzbde",
  "domain": "khbuikninibklnknknnknnnnknknkkn",
  "resultsCount": 0
}
{
  "timestamp": "2025-08-27T13:31:43.370Z",
  "level": "error",
  "message": "Ingestion failed for session 1756301441192_5mrvyiwmp",
  "stack": "ValidationError: DomainIngestion validation failed: analysisResults.subdomains.0: Cast to [string] failed for value \"[\\n' +\n  '  {\\n' +\n  \"    name: 'iOS Development',\\n\" +\n  \"    areasOfExpertise: [ 'Swift', 'Objective-C', 'Xcode', 'iOS SDK' ]\\n\" +\n  '  },\\n' +\n  '  {\\n' +\n  \"    name: 'Android Development',\\n\" +\n  \"    areasOfExpertise: [ 'Java', 'Kotlin', 'Android Studio', 'Android SDK' ]\\n\" +\n  '  },\\n' +\n  '  {\\n' +\n  \"    name: 'Cross-Platform Development',\\n\" +\n  \"    areasOfExpertise: [ 'React Native', 'Flutter', 'Xamarin' ]\\n\" +\n  '  },\\n' +\n  '  {\\n' +\n  \"    name: 'Mobile Web Development',\\n\" +\n  \"    areasOfExpertise: [ 'HTML5', 'CSS3', 'JavaScript', 'Responsive Design' ]\\n\" +\n  '  }\\n' +\n  ']\" (type string) at path \"analysisResults.subdomains.0\" because of \"CastError\"\n    at Document.invalidate (C:\\Users\\Anuja\\Music\\JAVA\\testing_project\\server\\node_modules\\mongoose\\lib\\document.js:3358:32)\n    at model.$set (C:\\Users\\Anuja\\Music\\JAVA\\testing_project\\server\\node_modules\\mongoose\\lib\\document.js:1480:12)\n    at model.$set (C:\\Users\\Anuja\\Music\\JAVA\\testing_project\\server\\node_modules\\mongoose\\lib\\document.js:1227:14)\n    at model.$set (C:\\Users\\Anuja\\Music\\JAVA\\testing_project\\server\\node_modules\\mongoose\\lib\\document.js:1117:14)\n    at model.Document (C:\\Users\\Anuja\\Music\\JAVA\\testing_project\\server\\node_modules\\mongoose\\lib\\document.js:178:12)\n    at model.Model (C:\\Users\\Anuja\\Music\\JAVA\\testing_project\\server\\node_modules\\mongoose\\lib\\model.js:127:12)\n    at new model (C:\\Users\\Anuja\\Music\\JAVA\\testing_project\\server\\node_modules\\mongoose\\lib\\model.js:4834:15)\n    at IngestionService.saveResults (C:\\Users\\Anuja\\Music\\JAVA\\testing_project\\server\\services\\ingestion-service.js:675:31)\n    at performIngestionProcess (C:\\Users\\Anuja\\Music\\JAVA\\testing_project\\server\\controllers\\ingestController.js:725:45)",
  "service": "synaptron-backend",
  "pid": 3048,
  "hostname": "LAPTOP-MUCAVG9A",
  "sessionId": "1756301441192_5mrvyiwmp",
  "domain": "Mobile Development",
  "error": "DomainIngestion validation failed: analysisResults.subdomains.0: Cast to [string] failed for value \"[\\n' +\n  '  {\\n' +\n  \"    name: 'iOS Development',\\n\" +\n  \"    areasOfExpertise: [ 'Swift', 'Objective-C', 'Xcode', 'iOS SDK' ]\\n\" +\n  '  },\\n' +\n  '  {\\n' +\n  \"    name: 'Android Development',\\n\" +\n  \"    areasOfExpertise: [ 'Java', 'Kotlin', 'Android Studio', 'Android SDK' ]\\n\" +\n  '  },\\n' +\n  '  {\\n' +\n  \"    name: 'Cross-Platform Development',\\n\" +\n  \"    areasOfExpertise: [ 'React Native', 'Flutter', 'Xamarin' ]\\n\" +\n  '  },\\n' +\n  '  {\\n' +\n  \"    name: 'Mobile Web Development',\\n\" +\n  \"    areasOfExpertise: [ 'HTML5', 'CSS3', 'JavaScript', 'Responsive Design' ]\\n\" +\n  '  }\\n' +\n  ']\" (type string) at path \"analysisResults.subdomains.0\" because of \"CastError\"",
  "duration": "62174ms"
}
{
  "timestamp": "2025-08-27T13:31:43.403Z",
  "level": "error",
  "message": "Application Error DomainIngestion validation failed: analysisResults.subdomains.0: Cast to [string] failed for value \"[\\n' +\n  '  {\\n' +\n  \"    name: 'iOS Development',\\n\" +\n  \"    areasOfExpertise: [ 'Swift', 'Objective-C', 'Xcode', 'iOS SDK' ]\\n\" +\n  '  },\\n' +\n  '  {\\n' +\n  \"    name: 'Android Development',\\n\" +\n  \"    areasOfExpertise: [ 'Java', 'Kotlin', 'Android Studio', 'Android SDK' ]\\n\" +\n  '  },\\n' +\n  '  {\\n' +\n  \"    name: 'Cross-Platform Development',\\n\" +\n  \"    areasOfExpertise: [ 'React Native', 'Flutter', 'Xamarin' ]\\n\" +\n  '  },\\n' +\n  '  {\\n' +\n  \"    name: 'Mobile Web Development',\\n\" +\n  \"    areasOfExpertise: [ 'HTML5', 'CSS3', 'JavaScript', 'Responsive Design' ]\\n\" +\n  '  }\\n' +\n  ']\" (type string) at path \"analysisResults.subdomains.0\" because of \"CastError\"",
  "stack": "ValidationError: DomainIngestion validation failed: analysisResults.subdomains.0: Cast to [string] failed for value \"[\\n' +\n  '  {\\n' +\n  \"    name: 'iOS Development',\\n\" +\n  \"    areasOfExpertise: [ 'Swift', 'Objective-C', 'Xcode', 'iOS SDK' ]\\n\" +\n  '  },\\n' +\n  '  {\\n' +\n  \"    name: 'Android Development',\\n\" +\n  \"    areasOfExpertise: [ 'Java', 'Kotlin', 'Android Studio', 'Android SDK' ]\\n\" +\n  '  },\\n' +\n  '  {\\n' +\n  \"    name: 'Cross-Platform Development',\\n\" +\n  \"    areasOfExpertise: [ 'React Native', 'Flutter', 'Xamarin' ]\\n\" +\n  '  },\\n' +\n  '  {\\n' +\n  \"    name: 'Mobile Web Development',\\n\" +\n  \"    areasOfExpertise: [ 'HTML5', 'CSS3', 'JavaScript', 'Responsive Design' ]\\n\" +\n  '  }\\n' +\n  ']\" (type string) at path \"analysisResults.subdomains.0\" because of \"CastError\"\n    at Document.invalidate (C:\\Users\\Anuja\\Music\\JAVA\\testing_project\\server\\node_modules\\mongoose\\lib\\document.js:3358:32)\n    at model.$set (C:\\Users\\Anuja\\Music\\JAVA\\testing_project\\server\\node_modules\\mongoose\\lib\\document.js:1480:12)\n    at model.$set (C:\\Users\\Anuja\\Music\\JAVA\\testing_project\\server\\node_modules\\mongoose\\lib\\document.js:1227:14)\n    at model.$set (C:\\Users\\Anuja\\Music\\JAVA\\testing_project\\server\\node_modules\\mongoose\\lib\\document.js:1117:14)\n    at model.Document (C:\\Users\\Anuja\\Music\\JAVA\\testing_project\\server\\node_modules\\mongoose\\lib\\document.js:178:12)\n    at model.Model (C:\\Users\\Anuja\\Music\\JAVA\\testing_project\\server\\node_modules\\mongoose\\lib\\model.js:127:12)\n    at new model (C:\\Users\\Anuja\\Music\\JAVA\\testing_project\\server\\node_modules\\mongoose\\lib\\model.js:4834:15)\n    at IngestionService.saveResults (C:\\Users\\Anuja\\Music\\JAVA\\testing_project\\server\\services\\ingestion-service.js:675:31)\n    at performIngestionProcess (C:\\Users\\Anuja\\Music\\JAVA\\testing_project\\server\\controllers\\ingestController.js:725:45)",
  "service": "synaptron-backend",
  "pid": 3048,
  "hostname": "LAPTOP-MUCAVG9A",
  "name": "ValidationError",
  "action": "performIngestionProcess",
  "sessionId": "1756301441192_5mrvyiwmp",
  "domain": "Mobile Development",
  "duration": 62174
}
{
  "timestamp": "2025-08-27T13:43:25.989Z",
  "level": "error",
  "message": "Ingestion failed for session 1756302136298_daxshx2dm",
  "stack": "ValidationError: DomainIngestion validation failed: analysisResults.subdomains.0: Cast to [string] failed for value \"[\\n' +\n  '  {\\n' +\n  \"    name: 'Supervised Learning',\\n\" +\n  \"    areas_of_expertise: [ 'Regression', 'Classification', 'Support Vector Machines' ]\\n\" +\n  '  },\\n' +\n  '  {\\n' +\n  \"    name: 'Unsupervised Learning',\\n\" +\n  \"    areas_of_expertise: [ 'Clustering', 'Dimensionality Reduction', 'Density Estimation' ]\\n\" +\n  '  },\\n' +\n  '  {\\n' +\n  \"    name: 'Reinforcement Learning',\\n\" +\n  '    areas_of_expertise: [\\n' +\n  \"      'Markov Decision Processes',\\n\" +\n  \"      'Q-Learning',\\n\" +\n  \"      'Policy Gradient Methods'\\n\" +\n  '    ]\\n' +\n  '  },\\n' +\n  '  {\\n' +\n  \"    name: 'Deep Learning',\\n\" +\n  '    areas_of_expertise: [\\n' +\n  \"      'Neural Networks',\\n\" +\n  \"      'Convolutional Neural Networks',\\n\" +\n  \"      'Recurrent Neural Networks'\\n\" +\n  '    ]\\n' +\n  '  }\\n' +\n  ']\" (type string) at path \"analysisResults.subdomains.0\" because of \"CastError\", analysisResults.primaryConcepts.0: Cast to [string] failed for value \"[\\n' +\n  '  {\\n' +\n  \"    name: 'Overfitting',\\n\" +\n  \"    description: 'When a model is too complex and performs well on training data but poorly on new data'\\n\" +\n  '  },\\n' +\n  '  {\\n' +\n  \"    name: 'Underfitting',\\n\" +\n  \"    description: 'When a model is too simple and fails to capture the underlying patterns in the data'\\n\" +\n  '  },\\n' +\n  '  {\\n' +\n  \"    name: 'Bias-Variance Tradeoff',\\n\" +\n  \"    description: 'The balance between model simplicity and complexity'\\n\" +\n  '  },\\n' +\n  '  {\\n' +\n  \"    name: 'Regularization',\\n\" +\n  \"    description: 'Techniques to prevent overfitting, such as L1 and L2 regularization'\\n\" +\n  '  }\\n' +\n  ']\" (type string) at path \"analysisResults.primaryConcepts.0\" because of \"CastError\", analysisResults.prerequisites.0: Cast to [string] failed for value \"[\\n' +\n  '  {\\n' +\n  \"    name: 'Linear Algebra',\\n\" +\n  \"    description: 'Understanding of vectors, matrices, and operations'\\n\" +\n  '  },\\n' +\n  '  {\\n' +\n  \"    name: 'Calculus',\\n\" +\n  \"    description: 'Understanding of derivatives and optimization techniques'\\n\" +\n  '  },\\n' +\n  '  {\\n' +\n  \"    name: 'Probability and Statistics',\\n\" +\n  `    description: \"Understanding of probability distributions, Bayes' theorem, and statistical inference\"\\n` +\n  '  },\\n' +\n  '  {\\n' +\n  \"    name: 'Programming Skills',\\n\" +\n  \"    description: 'Proficiency in a programming language, such as Python or R'\\n\" +\n  '  }\\n' +\n  ']\" (type string) at path \"analysisResults.prerequisites.0\" because of \"CastError\"\n    at Document.invalidate (C:\\Users\\Anuja\\Music\\JAVA\\testing_project\\server\\node_modules\\mongoose\\lib\\document.js:3358:32)\n    at model.$set (C:\\Users\\Anuja\\Music\\JAVA\\testing_project\\server\\node_modules\\mongoose\\lib\\document.js:1480:12)\n    at model.$set (C:\\Users\\Anuja\\Music\\JAVA\\testing_project\\server\\node_modules\\mongoose\\lib\\document.js:1227:14)\n    at model.$set (C:\\Users\\Anuja\\Music\\JAVA\\testing_project\\server\\node_modules\\mongoose\\lib\\document.js:1117:14)\n    at model.Document (C:\\Users\\Anuja\\Music\\JAVA\\testing_project\\server\\node_modules\\mongoose\\lib\\document.js:178:12)\n    at model.Model (C:\\Users\\Anuja\\Music\\JAVA\\testing_project\\server\\node_modules\\mongoose\\lib\\model.js:127:12)\n    at new model (C:\\Users\\Anuja\\Music\\JAVA\\testing_project\\server\\node_modules\\mongoose\\lib\\model.js:4834:15)\n    at IngestionService.saveResults (C:\\Users\\Anuja\\Music\\JAVA\\testing_project\\server\\services\\ingestion-service.js:675:31)\n    at performIngestionProcess (C:\\Users\\Anuja\\Music\\JAVA\\testing_project\\server\\controllers\\ingestController.js:725:45)",
  "service": "synaptron-backend",
  "pid": 3048,
  "hostname": "LAPTOP-MUCAVG9A",
  "sessionId": "1756302136298_daxshx2dm",
  "domain": "Machine Learning",
  "error": "DomainIngestion validation failed: analysisResults.subdomains.0: Cast to [string] failed for value \"[\\n' +\n  '  {\\n' +\n  \"    name: 'Supervised Learning',\\n\" +\n  \"    areas_of_expertise: [ 'Regression', 'Classification', 'Support Vector Machines' ]\\n\" +\n  '  },\\n' +\n  '  {\\n' +\n  \"    name: 'Unsupervised Learning',\\n\" +\n  \"    areas_of_expertise: [ 'Clustering', 'Dimensionality Reduction', 'Density Estimation' ]\\n\" +\n  '  },\\n' +\n  '  {\\n' +\n  \"    name: 'Reinforcement Learning',\\n\" +\n  '    areas_of_expertise: [\\n' +\n  \"      'Markov Decision Processes',\\n\" +\n  \"      'Q-Learning',\\n\" +\n  \"      'Policy Gradient Methods'\\n\" +\n  '    ]\\n' +\n  '  },\\n' +\n  '  {\\n' +\n  \"    name: 'Deep Learning',\\n\" +\n  '    areas_of_expertise: [\\n' +\n  \"      'Neural Networks',\\n\" +\n  \"      'Convolutional Neural Networks',\\n\" +\n  \"      'Recurrent Neural Networks'\\n\" +\n  '    ]\\n' +\n  '  }\\n' +\n  ']\" (type string) at path \"analysisResults.subdomains.0\" because of \"CastError\", analysisResults.primaryConcepts.0: Cast to [string] failed for value \"[\\n' +\n  '  {\\n' +\n  \"    name: 'Overfitting',\\n\" +\n  \"    description: 'When a model is too complex and performs well on training data but poorly on new data'\\n\" +\n  '  },\\n' +\n  '  {\\n' +\n  \"    name: 'Underfitting',\\n\" +\n  \"    description: 'When a model is too simple and fails to capture the underlying patterns in the data'\\n\" +\n  '  },\\n' +\n  '  {\\n' +\n  \"    name: 'Bias-Variance Tradeoff',\\n\" +\n  \"    description: 'The balance between model simplicity and complexity'\\n\" +\n  '  },\\n' +\n  '  {\\n' +\n  \"    name: 'Regularization',\\n\" +\n  \"    description: 'Techniques to prevent overfitting, such as L1 and L2 regularization'\\n\" +\n  '  }\\n' +\n  ']\" (type string) at path \"analysisResults.primaryConcepts.0\" because of \"CastError\", analysisResults.prerequisites.0: Cast to [string] failed for value \"[\\n' +\n  '  {\\n' +\n  \"    name: 'Linear Algebra',\\n\" +\n  \"    description: 'Understanding of vectors, matrices, and operations'\\n\" +\n  '  },\\n' +\n  '  {\\n' +\n  \"    name: 'Calculus',\\n\" +\n  \"    description: 'Understanding of derivatives and optimization techniques'\\n\" +\n  '  },\\n' +\n  '  {\\n' +\n  \"    name: 'Probability and Statistics',\\n\" +\n  `    description: \"Understanding of probability distributions, Bayes' theorem, and statistical inference\"\\n` +\n  '  },\\n' +\n  '  {\\n' +\n  \"    name: 'Programming Skills',\\n\" +\n  \"    description: 'Proficiency in a programming language, such as Python or R'\\n\" +\n  '  }\\n' +\n  ']\" (type string) at path \"analysisResults.prerequisites.0\" because of \"CastError\"",
  "duration": "69590ms"
}
{
  "timestamp": "2025-08-27T13:43:25.993Z",
  "level": "error",
  "message": "Application Error DomainIngestion validation failed: analysisResults.subdomains.0: Cast to [string] failed for value \"[\\n' +\n  '  {\\n' +\n  \"    name: 'Supervised Learning',\\n\" +\n  \"    areas_of_expertise: [ 'Regression', 'Classification', 'Support Vector Machines' ]\\n\" +\n  '  },\\n' +\n  '  {\\n' +\n  \"    name: 'Unsupervised Learning',\\n\" +\n  \"    areas_of_expertise: [ 'Clustering', 'Dimensionality Reduction', 'Density Estimation' ]\\n\" +\n  '  },\\n' +\n  '  {\\n' +\n  \"    name: 'Reinforcement Learning',\\n\" +\n  '    areas_of_expertise: [\\n' +\n  \"      'Markov Decision Processes',\\n\" +\n  \"      'Q-Learning',\\n\" +\n  \"      'Policy Gradient Methods'\\n\" +\n  '    ]\\n' +\n  '  },\\n' +\n  '  {\\n' +\n  \"    name: 'Deep Learning',\\n\" +\n  '    areas_of_expertise: [\\n' +\n  \"      'Neural Networks',\\n\" +\n  \"      'Convolutional Neural Networks',\\n\" +\n  \"      'Recurrent Neural Networks'\\n\" +\n  '    ]\\n' +\n  '  }\\n' +\n  ']\" (type string) at path \"analysisResults.subdomains.0\" because of \"CastError\", analysisResults.primaryConcepts.0: Cast to [string] failed for value \"[\\n' +\n  '  {\\n' +\n  \"    name: 'Overfitting',\\n\" +\n  \"    description: 'When a model is too complex and performs well on training data but poorly on new data'\\n\" +\n  '  },\\n' +\n  '  {\\n' +\n  \"    name: 'Underfitting',\\n\" +\n  \"    description: 'When a model is too simple and fails to capture the underlying patterns in the data'\\n\" +\n  '  },\\n' +\n  '  {\\n' +\n  \"    name: 'Bias-Variance Tradeoff',\\n\" +\n  \"    description: 'The balance between model simplicity and complexity'\\n\" +\n  '  },\\n' +\n  '  {\\n' +\n  \"    name: 'Regularization',\\n\" +\n  \"    description: 'Techniques to prevent overfitting, such as L1 and L2 regularization'\\n\" +\n  '  }\\n' +\n  ']\" (type string) at path \"analysisResults.primaryConcepts.0\" because of \"CastError\", analysisResults.prerequisites.0: Cast to [string] failed for value \"[\\n' +\n  '  {\\n' +\n  \"    name: 'Linear Algebra',\\n\" +\n  \"    description: 'Understanding of vectors, matrices, and operations'\\n\" +\n  '  },\\n' +\n  '  {\\n' +\n  \"    name: 'Calculus',\\n\" +\n  \"    description: 'Understanding of derivatives and optimization techniques'\\n\" +\n  '  },\\n' +\n  '  {\\n' +\n  \"    name: 'Probability and Statistics',\\n\" +\n  `    description: \"Understanding of probability distributions, Bayes' theorem, and statistical inference\"\\n` +\n  '  },\\n' +\n  '  {\\n' +\n  \"    name: 'Programming Skills',\\n\" +\n  \"    description: 'Proficiency in a programming language, such as Python or R'\\n\" +\n  '  }\\n' +\n  ']\" (type string) at path \"analysisResults.prerequisites.0\" because of \"CastError\"",
  "stack": "ValidationError: DomainIngestion validation failed: analysisResults.subdomains.0: Cast to [string] failed for value \"[\\n' +\n  '  {\\n' +\n  \"    name: 'Supervised Learning',\\n\" +\n  \"    areas_of_expertise: [ 'Regression', 'Classification', 'Support Vector Machines' ]\\n\" +\n  '  },\\n' +\n  '  {\\n' +\n  \"    name: 'Unsupervised Learning',\\n\" +\n  \"    areas_of_expertise: [ 'Clustering', 'Dimensionality Reduction', 'Density Estimation' ]\\n\" +\n  '  },\\n' +\n  '  {\\n' +\n  \"    name: 'Reinforcement Learning',\\n\" +\n  '    areas_of_expertise: [\\n' +\n  \"      'Markov Decision Processes',\\n\" +\n  \"      'Q-Learning',\\n\" +\n  \"      'Policy Gradient Methods'\\n\" +\n  '    ]\\n' +\n  '  },\\n' +\n  '  {\\n' +\n  \"    name: 'Deep Learning',\\n\" +\n  '    areas_of_expertise: [\\n' +\n  \"      'Neural Networks',\\n\" +\n  \"      'Convolutional Neural Networks',\\n\" +\n  \"      'Recurrent Neural Networks'\\n\" +\n  '    ]\\n' +\n  '  }\\n' +\n  ']\" (type string) at path \"analysisResults.subdomains.0\" because of \"CastError\", analysisResults.primaryConcepts.0: Cast to [string] failed for value \"[\\n' +\n  '  {\\n' +\n  \"    name: 'Overfitting',\\n\" +\n  \"    description: 'When a model is too complex and performs well on training data but poorly on new data'\\n\" +\n  '  },\\n' +\n  '  {\\n' +\n  \"    name: 'Underfitting',\\n\" +\n  \"    description: 'When a model is too simple and fails to capture the underlying patterns in the data'\\n\" +\n  '  },\\n' +\n  '  {\\n' +\n  \"    name: 'Bias-Variance Tradeoff',\\n\" +\n  \"    description: 'The balance between model simplicity and complexity'\\n\" +\n  '  },\\n' +\n  '  {\\n' +\n  \"    name: 'Regularization',\\n\" +\n  \"    description: 'Techniques to prevent overfitting, such as L1 and L2 regularization'\\n\" +\n  '  }\\n' +\n  ']\" (type string) at path \"analysisResults.primaryConcepts.0\" because of \"CastError\", analysisResults.prerequisites.0: Cast to [string] failed for value \"[\\n' +\n  '  {\\n' +\n  \"    name: 'Linear Algebra',\\n\" +\n  \"    description: 'Understanding of vectors, matrices, and operations'\\n\" +\n  '  },\\n' +\n  '  {\\n' +\n  \"    name: 'Calculus',\\n\" +\n  \"    description: 'Understanding of derivatives and optimization techniques'\\n\" +\n  '  },\\n' +\n  '  {\\n' +\n  \"    name: 'Probability and Statistics',\\n\" +\n  `    description: \"Understanding of probability distributions, Bayes' theorem, and statistical inference\"\\n` +\n  '  },\\n' +\n  '  {\\n' +\n  \"    name: 'Programming Skills',\\n\" +\n  \"    description: 'Proficiency in a programming language, such as Python or R'\\n\" +\n  '  }\\n' +\n  ']\" (type string) at path \"analysisResults.prerequisites.0\" because of \"CastError\"\n    at Document.invalidate (C:\\Users\\Anuja\\Music\\JAVA\\testing_project\\server\\node_modules\\mongoose\\lib\\document.js:3358:32)\n    at model.$set (C:\\Users\\Anuja\\Music\\JAVA\\testing_project\\server\\node_modules\\mongoose\\lib\\document.js:1480:12)\n    at model.$set (C:\\Users\\Anuja\\Music\\JAVA\\testing_project\\server\\node_modules\\mongoose\\lib\\document.js:1227:14)\n    at model.$set (C:\\Users\\Anuja\\Music\\JAVA\\testing_project\\server\\node_modules\\mongoose\\lib\\document.js:1117:14)\n    at model.Document (C:\\Users\\Anuja\\Music\\JAVA\\testing_project\\server\\node_modules\\mongoose\\lib\\document.js:178:12)\n    at model.Model (C:\\Users\\Anuja\\Music\\JAVA\\testing_project\\server\\node_modules\\mongoose\\lib\\model.js:127:12)\n    at new model (C:\\Users\\Anuja\\Music\\JAVA\\testing_project\\server\\node_modules\\mongoose\\lib\\model.js:4834:15)\n    at IngestionService.saveResults (C:\\Users\\Anuja\\Music\\JAVA\\testing_project\\server\\services\\ingestion-service.js:675:31)\n    at performIngestionProcess (C:\\Users\\Anuja\\Music\\JAVA\\testing_project\\server\\controllers\\ingestController.js:725:45)",
  "service": "synaptron-backend",
  "pid": 3048,
  "hostname": "LAPTOP-MUCAVG9A",
  "name": "ValidationError",
  "action": "performIngestionProcess",
  "sessionId": "1756302136298_daxshx2dm",
  "domain": "Machine Learning",
  "duration": 69590
}
{
  "timestamp": "2025-08-27T13:48:02.005Z",
  "level": "error",
  "message": "Very Slow Operation",
  "service": "synaptron-backend",
  "pid": 3048,
  "hostname": "LAPTOP-MUCAVG9A",
  "operation": "complete_ingestion",
  "duration": "56086ms",
  "memoryUsage": {
    "rss": 50384896,
    "heapTotal": 55984128,
    "heapUsed": 52771424,
    "external": 24819719,
    "arrayBuffers": 21228535
  },
  "sessionId": "1756302425895_6h0wavp0e",
  "domain": "advanced react.js with integrating with typescript",
  "resultsCount": 0
}
{
  "timestamp": "2025-08-27T15:18:02.812Z",
  "level": "error",
  "message": "Very Slow Operation",
  "service": "synaptron-backend",
  "pid": 9464,
  "hostname": "LAPTOP-MUCAVG9A",
  "operation": "complete_ingestion",
  "duration": "56048ms",
  "memoryUsage": {
    "rss": 92954624,
    "heapTotal": 49688576,
    "heapUsed": 46778592,
    "external": 22193541,
    "arrayBuffers": 18602357
  },
  "sessionId": "1756307826745_wn4tn5tyk",
  "domain": "Blockchain Development with Solidity and Web3",
  "resultsCount": 0
}
{
  "timestamp": "2025-08-28T06:43:08.010Z",
  "level": "error",
  "message": "Very Slow Operation",
  "service": "synaptron-backend",
  "pid": 16388,
  "hostname": "LAPTOP-MUCAVG9A",
  "operation": "complete_ingestion",
  "duration": "74495ms",
  "memoryUsage": {
    "rss": 71380992,
    "heapTotal": 52047872,
    "heapUsed": 47302296,
    "external": 22245040,
    "arrayBuffers": 18653856
  },
  "sessionId": "1756363313125_ig68fbal1",
  "domain": "Machine Learning with Python and TensorFlow",
  "resultsCount": 0
}
{
  "timestamp": "2025-10-09T00:03:00.839Z",
  "level": "error",
  "message": "HTTP Request - Server Error",
  "service": "synaptron-backend",
  "pid": 18468,
  "hostname": "LAPTOP-MUCAVG9A",
  "requestId": "hf958o",
  "method": "GET",
  "url": "/api/ingest/dashboard/trading%20multi%20analyse%20of%20stocks",
  "statusCode": 500,
  "duration": "379ms",
  "userAgent": "Mozilla/5.0 (Windows NT 10.0; Win64; x64) AppleWebKit/537.36 (KHTML, like Gecko) Chrome/140.0.0.0 Safari/537.36",
  "ip": "::1",
  "userId": "anonymous",
  "contentLength": "58"
}
{
  "timestamp": "2025-10-09T00:03:00.884Z",
  "level": "error",
  "message": "HTTP Request - Server Error",
  "service": "synaptron-backend",
  "pid": 18468,
  "hostname": "LAPTOP-MUCAVG9A",
  "requestId": "ra9fzc",
  "method": "GET",
  "url": "/api/ingest/dashboard/trading%20multi%20analyse%20of%20stocks",
  "statusCode": 500,
  "duration": "28ms",
  "userAgent": "Mozilla/5.0 (Windows NT 10.0; Win64; x64) AppleWebKit/537.36 (KHTML, like Gecko) Chrome/140.0.0.0 Safari/537.36",
  "ip": "::1",
  "userId": "anonymous",
  "contentLength": "58"
}
{
  "timestamp": "2025-10-09T00:03:13.624Z",
  "level": "error",
  "message": "HTTP Request - Server Error",
  "service": "synaptron-backend",
  "pid": 18468,
  "hostname": "LAPTOP-MUCAVG9A",
  "requestId": "fmn3dd",
  "method": "GET",
  "url": "/api/ingest/dashboard/trading%20multi%20analyse%20of%20stocks",
  "statusCode": 500,
  "duration": "25ms",
  "userAgent": "Mozilla/5.0 (Windows NT 10.0; Win64; x64) AppleWebKit/537.36 (KHTML, like Gecko) Chrome/140.0.0.0 Safari/537.36",
  "ip": "::1",
  "userId": "anonymous",
  "contentLength": "58"
}
{
  "timestamp": "2025-10-09T00:03:13.702Z",
  "level": "error",
  "message": "HTTP Request - Server Error",
  "service": "synaptron-backend",
  "pid": 18468,
  "hostname": "LAPTOP-MUCAVG9A",
  "requestId": "qh9d6",
  "method": "GET",
  "url": "/api/ingest/dashboard/trading%20multi%20analyse%20of%20stocks",
  "statusCode": 500,
  "duration": "22ms",
  "userAgent": "Mozilla/5.0 (Windows NT 10.0; Win64; x64) AppleWebKit/537.36 (KHTML, like Gecko) Chrome/140.0.0.0 Safari/537.36",
  "ip": "::1",
  "userId": "anonymous",
  "contentLength": "58"
}
{
  "timestamp": "2025-10-09T00:04:59.896Z",
  "level": "error",
  "message": "HTTP Request - Server Error",
  "service": "synaptron-backend",
  "pid": 18468,
  "hostname": "LAPTOP-MUCAVG9A",
  "requestId": "vge1fo",
  "method": "GET",
  "url": "/api/ingest/dashboard/trading%20multi%20analyse%20of%20stocks",
  "statusCode": 500,
  "duration": "43ms",
  "userAgent": "Mozilla/5.0 (Windows NT 10.0; Win64; x64) AppleWebKit/537.36 (KHTML, like Gecko) Chrome/140.0.0.0 Safari/537.36",
  "ip": "::1",
  "userId": "anonymous",
  "contentLength": "58"
}
{
  "timestamp": "2025-10-09T00:05:00.956Z",
  "level": "error",
  "message": "HTTP Request - Server Error",
  "service": "synaptron-backend",
  "pid": 18468,
  "hostname": "LAPTOP-MUCAVG9A",
  "requestId": "lk3fl",
  "method": "GET",
  "url": "/api/ingest/dashboard/trading%20multi%20analyse%20of%20stocks",
  "statusCode": 500,
  "duration": "34ms",
  "userAgent": "Mozilla/5.0 (Windows NT 10.0; Win64; x64) AppleWebKit/537.36 (KHTML, like Gecko) Chrome/140.0.0.0 Safari/537.36",
  "ip": "::1",
  "userId": "anonymous",
  "contentLength": "58"
}
{
  "timestamp": "2025-10-09T00:05:01.933Z",
  "level": "error",
  "message": "HTTP Request - Server Error",
  "service": "synaptron-backend",
  "pid": 18468,
  "hostname": "LAPTOP-MUCAVG9A",
  "requestId": "w4oosq",
  "method": "GET",
  "url": "/api/ingest/dashboard/trading%20multi%20analyse%20of%20stocks",
  "statusCode": 500,
  "duration": "21ms",
  "userAgent": "Mozilla/5.0 (Windows NT 10.0; Win64; x64) AppleWebKit/537.36 (KHTML, like Gecko) Chrome/140.0.0.0 Safari/537.36",
  "ip": "::1",
  "userId": "anonymous",
  "contentLength": "58"
}
{
  "timestamp": "2025-10-09T00:05:02.760Z",
  "level": "error",
  "message": "HTTP Request - Server Error",
  "service": "synaptron-backend",
  "pid": 18468,
  "hostname": "LAPTOP-MUCAVG9A",
  "requestId": "sfzf1a",
  "method": "GET",
  "url": "/api/ingest/dashboard/trading%20multi%20analyse%20of%20stocks",
  "statusCode": 500,
  "duration": "32ms",
  "userAgent": "Mozilla/5.0 (Windows NT 10.0; Win64; x64) AppleWebKit/537.36 (KHTML, like Gecko) Chrome/140.0.0.0 Safari/537.36",
  "ip": "::1",
  "userId": "anonymous",
  "contentLength": "58"
}
{
  "timestamp": "2025-10-09T00:05:13.283Z",
  "level": "error",
  "message": "HTTP Request - Server Error",
  "service": "synaptron-backend",
  "pid": 18468,
  "hostname": "LAPTOP-MUCAVG9A",
  "requestId": "kl0kha",
  "method": "GET",
  "url": "/api/ingest/dashboard/trading%20multi%20analyse%20of%20stocks",
  "statusCode": 500,
  "duration": "40ms",
  "userAgent": "Mozilla/5.0 (Windows NT 10.0; Win64; x64) AppleWebKit/537.36 (KHTML, like Gecko) Chrome/140.0.0.0 Safari/537.36",
  "ip": "::1",
  "userId": "anonymous",
  "contentLength": "58"
}
{
  "timestamp": "2025-10-09T00:05:14.241Z",
  "level": "error",
  "message": "HTTP Request - Server Error",
  "service": "synaptron-backend",
  "pid": 18468,
  "hostname": "LAPTOP-MUCAVG9A",
  "requestId": "07mwta",
  "method": "GET",
  "url": "/api/ingest/dashboard/trading%20multi%20analyse%20of%20stocks",
  "statusCode": 500,
  "duration": "17ms",
  "userAgent": "Mozilla/5.0 (Windows NT 10.0; Win64; x64) AppleWebKit/537.36 (KHTML, like Gecko) Chrome/140.0.0.0 Safari/537.36",
  "ip": "::1",
  "userId": "anonymous",
  "contentLength": "58"
}
{
  "timestamp": "2025-10-09T00:05:18.400Z",
  "level": "error",
  "message": "HTTP Request - Server Error",
  "service": "synaptron-backend",
  "pid": 18468,
  "hostname": "LAPTOP-MUCAVG9A",
  "requestId": "s39tii",
  "method": "GET",
  "url": "/api/ingest/dashboard/trading%20multi%20analyse%20of%20stocks",
  "statusCode": 500,
  "duration": "23ms",
  "userAgent": "Mozilla/5.0 (Windows NT 10.0; Win64; x64) AppleWebKit/537.36 (KHTML, like Gecko) Chrome/140.0.0.0 Safari/537.36",
  "ip": "::1",
  "userId": "anonymous",
  "contentLength": "58"
}
{
  "timestamp": "2025-10-09T00:05:19.405Z",
  "level": "error",
  "message": "HTTP Request - Server Error",
  "service": "synaptron-backend",
  "pid": 18468,
  "hostname": "LAPTOP-MUCAVG9A",
  "requestId": "tth15",
  "method": "GET",
  "url": "/api/ingest/dashboard/trading%20multi%20analyse%20of%20stocks",
  "statusCode": 500,
  "duration": "17ms",
  "userAgent": "Mozilla/5.0 (Windows NT 10.0; Win64; x64) AppleWebKit/537.36 (KHTML, like Gecko) Chrome/140.0.0.0 Safari/537.36",
  "ip": "::1",
  "userId": "anonymous",
  "contentLength": "58"
}
{
  "timestamp": "2025-10-09T00:05:20.232Z",
  "level": "error",
  "message": "HTTP Request - Server Error",
  "service": "synaptron-backend",
  "pid": 18468,
  "hostname": "LAPTOP-MUCAVG9A",
  "requestId": "1uype",
  "method": "GET",
  "url": "/api/ingest/dashboard/trading%20multi%20analyse%20of%20stocks",
  "statusCode": 500,
  "duration": "40ms",
  "userAgent": "Mozilla/5.0 (Windows NT 10.0; Win64; x64) AppleWebKit/537.36 (KHTML, like Gecko) Chrome/140.0.0.0 Safari/537.36",
  "ip": "::1",
  "userId": "anonymous",
  "contentLength": "58"
}
{
  "timestamp": "2025-10-09T00:05:21.487Z",
  "level": "error",
  "message": "HTTP Request - Server Error",
  "service": "synaptron-backend",
  "pid": 18468,
  "hostname": "LAPTOP-MUCAVG9A",
  "requestId": "k1pzk4",
  "method": "GET",
  "url": "/api/ingest/dashboard/trading%20multi%20analyse%20of%20stocks",
  "statusCode": 500,
  "duration": "37ms",
  "userAgent": "Mozilla/5.0 (Windows NT 10.0; Win64; x64) AppleWebKit/537.36 (KHTML, like Gecko) Chrome/140.0.0.0 Safari/537.36",
  "ip": "::1",
  "userId": "anonymous",
  "contentLength": "58"
}
{
  "timestamp": "2025-10-09T00:07:00.299Z",
  "level": "error",
  "message": "HTTP Request - Server Error",
  "service": "synaptron-backend",
  "pid": 7492,
  "hostname": "LAPTOP-MUCAVG9A",
  "requestId": "19e43y",
  "method": "GET",
  "url": "/api/ingest/dashboard/trading%20multi%20analyse%20of%20stocks",
  "statusCode": 500,
  "duration": "85ms",
  "userAgent": "Mozilla/5.0 (Windows NT 10.0; Win64; x64) AppleWebKit/537.36 (KHTML, like Gecko) Chrome/140.0.0.0 Safari/537.36",
  "ip": "::1",
  "userId": "anonymous",
  "contentLength": "58"
}
{
  "timestamp": "2025-10-09T00:07:00.344Z",
  "level": "error",
  "message": "HTTP Request - Server Error",
  "service": "synaptron-backend",
  "pid": 7492,
  "hostname": "LAPTOP-MUCAVG9A",
  "requestId": "jcxxks",
  "method": "GET",
  "url": "/api/ingest/dashboard/trading%20multi%20analyse%20of%20stocks",
  "statusCode": 500,
  "duration": "24ms",
  "userAgent": "Mozilla/5.0 (Windows NT 10.0; Win64; x64) AppleWebKit/537.36 (KHTML, like Gecko) Chrome/140.0.0.0 Safari/537.36",
  "ip": "::1",
  "userId": "anonymous",
  "contentLength": "58"
}
{
  "timestamp": "2025-10-09T00:07:44.214Z",
  "level": "error",
  "message": "HTTP Request - Server Error",
  "service": "synaptron-backend",
  "pid": 7492,
  "hostname": "LAPTOP-MUCAVG9A",
  "requestId": "b4b51n",
  "method": "GET",
  "url": "/api/ingest/dashboard/trading%20multi%20analyse%20of%20stocks",
  "statusCode": 500,
  "duration": "33ms",
  "userAgent": "Mozilla/5.0 (Windows NT 10.0; Win64; x64) AppleWebKit/537.36 (KHTML, like Gecko) Chrome/140.0.0.0 Safari/537.36",
  "ip": "::1",
  "userId": "anonymous",
  "contentLength": "58"
}
{
  "timestamp": "2025-10-09T00:07:48.246Z",
  "level": "error",
  "message": "HTTP Request - Server Error",
  "service": "synaptron-backend",
  "pid": 7492,
  "hostname": "LAPTOP-MUCAVG9A",
  "requestId": "z21kjh",
  "method": "GET",
  "url": "/api/ingest/dashboard/trading%20multi%20analyse%20of%20stocks",
  "statusCode": 500,
  "duration": "42ms",
  "userAgent": "Mozilla/5.0 (Windows NT 10.0; Win64; x64) AppleWebKit/537.36 (KHTML, like Gecko) Chrome/140.0.0.0 Safari/537.36",
  "ip": "::1",
  "userId": "anonymous",
  "contentLength": "58"
}
{
  "timestamp": "2025-10-09T00:08:28.200Z",
  "level": "error",
  "message": "HTTP Request - Server Error",
  "service": "synaptron-backend",
  "pid": 7492,
  "hostname": "LAPTOP-MUCAVG9A",
  "requestId": "jy5cf",
  "method": "GET",
  "url": "/api/ingest/dashboard/trading%20multi%20analyse%20of%20stocks",
  "statusCode": 500,
  "duration": "15ms",
  "userAgent": "Mozilla/5.0 (Windows NT 10.0; Win64; x64) AppleWebKit/537.36 (KHTML, like Gecko) Chrome/140.0.0.0 Safari/537.36",
  "ip": "::1",
  "userId": "anonymous",
  "contentLength": "58"
}
{
  "timestamp": "2025-10-09T00:08:36.190Z",
  "level": "error",
  "message": "HTTP Request - Server Error",
  "service": "synaptron-backend",
  "pid": 7492,
  "hostname": "LAPTOP-MUCAVG9A",
  "requestId": "cgsrov",
  "method": "GET",
  "url": "/api/ingest/dashboard/trading%20multi%20analyse%20of%20stocks",
  "statusCode": 500,
  "duration": "13ms",
  "userAgent": "Mozilla/5.0 (Windows NT 10.0; Win64; x64) AppleWebKit/537.36 (KHTML, like Gecko) Chrome/140.0.0.0 Safari/537.36",
  "ip": "::1",
  "userId": "anonymous",
  "contentLength": "58"
}
{
  "timestamp": "2025-10-09T00:08:39.936Z",
  "level": "error",
  "message": "HTTP Request - Server Error",
  "service": "synaptron-backend",
  "pid": 7492,
  "hostname": "LAPTOP-MUCAVG9A",
  "requestId": "a9p1hu",
  "method": "GET",
  "url": "/api/ingest/dashboard/trading%20multi%20analyse%20of%20stocks",
  "statusCode": 500,
  "duration": "20ms",
  "userAgent": "Mozilla/5.0 (Windows NT 10.0; Win64; x64) AppleWebKit/537.36 (KHTML, like Gecko) Chrome/140.0.0.0 Safari/537.36",
  "ip": "::1",
  "userId": "anonymous",
  "contentLength": "58"
}
{
  "timestamp": "2025-10-09T00:08:40.866Z",
  "level": "error",
  "message": "HTTP Request - Server Error",
  "service": "synaptron-backend",
  "pid": 7492,
  "hostname": "LAPTOP-MUCAVG9A",
  "requestId": "lcbkxq",
  "method": "GET",
  "url": "/api/ingest/dashboard/trading%20multi%20analyse%20of%20stocks",
  "statusCode": 500,
  "duration": "31ms",
  "userAgent": "Mozilla/5.0 (Windows NT 10.0; Win64; x64) AppleWebKit/537.36 (KHTML, like Gecko) Chrome/140.0.0.0 Safari/537.36",
  "ip": "::1",
  "userId": "anonymous",
  "contentLength": "58"
}
{
  "timestamp": "2025-10-09T00:08:41.668Z",
  "level": "error",
  "message": "HTTP Request - Server Error",
  "service": "synaptron-backend",
  "pid": 7492,
  "hostname": "LAPTOP-MUCAVG9A",
  "requestId": "fwcy4d",
  "method": "GET",
  "url": "/api/ingest/dashboard/trading%20multi%20analyse%20of%20stocks",
  "statusCode": 500,
  "duration": "29ms",
  "userAgent": "Mozilla/5.0 (Windows NT 10.0; Win64; x64) AppleWebKit/537.36 (KHTML, like Gecko) Chrome/140.0.0.0 Safari/537.36",
  "ip": "::1",
  "userId": "anonymous",
  "contentLength": "58"
}
{
  "timestamp": "2025-10-09T00:11:40.580Z",
  "level": "error",
  "message": "HTTP Request - Server Error",
  "service": "synaptron-backend",
  "pid": 20424,
  "hostname": "LAPTOP-MUCAVG9A",
  "requestId": "r95g2b",
  "method": "GET",
  "url": "/api/ingest/dashboard/trading%20multi%20analyse%20of%20stocks",
  "statusCode": 500,
  "duration": "71ms",
  "userAgent": "Mozilla/5.0 (Windows NT 10.0; Win64; x64) AppleWebKit/537.36 (KHTML, like Gecko) Chrome/140.0.0.0 Safari/537.36",
  "ip": "::1",
  "userId": "anonymous",
  "contentLength": "117"
}
{
  "timestamp": "2025-10-09T00:11:41.534Z",
  "level": "error",
  "message": "HTTP Request - Server Error",
  "service": "synaptron-backend",
  "pid": 20424,
  "hostname": "LAPTOP-MUCAVG9A",
  "requestId": "dxttnu",
  "method": "GET",
  "url": "/api/ingest/dashboard/trading%20multi%20analyse%20of%20stocks",
  "statusCode": 500,
  "duration": "20ms",
  "userAgent": "Mozilla/5.0 (Windows NT 10.0; Win64; x64) AppleWebKit/537.36 (KHTML, like Gecko) Chrome/140.0.0.0 Safari/537.36",
  "ip": "::1",
  "userId": "anonymous",
  "contentLength": "117"
}
{
  "timestamp": "2025-10-09T00:11:48.501Z",
  "level": "error",
  "message": "HTTP Request - Server Error",
  "service": "synaptron-backend",
  "pid": 20424,
  "hostname": "LAPTOP-MUCAVG9A",
  "requestId": "19zn7g",
  "method": "GET",
  "url": "/api/ingest/dashboard/trading%20multi%20analyse%20of%20stocks",
  "statusCode": 500,
  "duration": "154ms",
  "userAgent": "Mozilla/5.0 (Windows NT 10.0; Win64; x64) AppleWebKit/537.36 (KHTML, like Gecko) Chrome/140.0.0.0 Safari/537.36",
  "ip": "::1",
  "userId": "anonymous",
  "contentLength": "117"
}
{
  "timestamp": "2025-10-09T00:11:48.822Z",
  "level": "error",
  "message": "HTTP Request - Server Error",
  "service": "synaptron-backend",
  "pid": 20424,
  "hostname": "LAPTOP-MUCAVG9A",
  "requestId": "2cpqqk",
  "method": "GET",
  "url": "/api/ingest/dashboard/trading%20multi%20analyse%20of%20stocks",
  "statusCode": 500,
  "duration": "134ms",
  "userAgent": "Mozilla/5.0 (Windows NT 10.0; Win64; x64) AppleWebKit/537.36 (KHTML, like Gecko) Chrome/140.0.0.0 Safari/537.36",
  "ip": "::1",
  "userId": "anonymous",
  "contentLength": "117"
}
{
  "timestamp": "2025-10-09T02:54:45.233Z",
  "level": "error",
  "message": "HTTP Request - Server Error",
  "service": "synaptron-backend",
  "pid": 5236,
  "hostname": "LAPTOP-MUCAVG9A",
  "requestId": "ulyuok",
  "method": "POST",
  "url": "/api/ingest/analyze-report",
  "statusCode": 500,
  "duration": "37963ms",
  "userAgent": "Mozilla/5.0 (Windows NT 10.0; Win64; x64) AppleWebKit/537.36 (KHTML, like Gecko) Chrome/140.0.0.0 Safari/537.36",
  "ip": "::1",
  "userId": "anonymous",
  "contentLength": "56"
}
{
  "timestamp": "2025-10-09T06:19:10.371Z",
  "level": "error",
  "message": "HTTP Request - Server Error",
  "service": "synaptron-backend",
  "pid": 18024,
  "hostname": "LAPTOP-MUCAVG9A",
  "requestId": "wy1sum",
  "method": "GET",
  "url": "/api/ingest/user-history/user_1759990735171_lmrrenufd",
  "statusCode": 500,
  "duration": "5ms",
  "userAgent": "Mozilla/5.0 (Linux; Android 6.0; Nexus 5 Build/MRA58N) AppleWebKit/537.36 (KHTML, like Gecko) Chrome/140.0.0.0 Mobile Safari/537.36",
  "ip": "::1",
  "userId": "anonymous",
  "contentLength": "47"
}
{
  "timestamp": "2025-10-09T06:20:00.555Z",
  "level": "error",
  "message": "HTTP Request - Server Error",
  "service": "synaptron-backend",
  "pid": 18024,
  "hostname": "LAPTOP-MUCAVG9A",
  "requestId": "a9upg6",
  "method": "GET",
  "url": "/api/ingest/user-history/user_1759990735171_lmrrenufd",
  "statusCode": 500,
  "duration": "8ms",
  "userAgent": "Mozilla/5.0 (Linux; Android 6.0; Nexus 5 Build/MRA58N) AppleWebKit/537.36 (KHTML, like Gecko) Chrome/140.0.0.0 Mobile Safari/537.36",
  "ip": "::1",
  "userId": "anonymous",
  "contentLength": "47"
}
{
  "timestamp": "2025-10-09T06:20:21.735Z",
  "level": "error",
  "message": "HTTP Request - Server Error",
  "service": "synaptron-backend",
  "pid": 18024,
  "hostname": "LAPTOP-MUCAVG9A",
  "requestId": "md2tui",
  "method": "GET",
  "url": "/api/ingest/user-history/user_1759990735171_lmrrenufd",
  "statusCode": 500,
  "duration": "8ms",
  "userAgent": "Mozilla/5.0 (Linux; Android 6.0; Nexus 5 Build/MRA58N) AppleWebKit/537.36 (KHTML, like Gecko) Chrome/140.0.0.0 Mobile Safari/537.36",
  "ip": "::1",
  "userId": "anonymous",
  "contentLength": "47"
}
{
  "timestamp": "2025-10-10T00:29:18.934Z",
  "level": "error",
  "message": "HTTP Request - Server Error",
  "service": "synaptron-backend",
  "pid": 14872,
  "hostname": "LAPTOP-MUCAVG9A",
  "requestId": "lc4emh",
  "method": "DELETE",
  "url": "/api/ingest/conversation-history/user_1759990735171_lmrrenufd/Blockchain%20Development%20with%20Solidity%20and%20Web3",
  "statusCode": 500,
  "duration": "18ms",
  "userAgent": "Mozilla/5.0 (Windows NT 10.0; Win64; x64) AppleWebKit/537.36 (KHTML, like Gecko) Chrome/141.0.0.0 Safari/537.36",
  "ip": "::1",
  "userId": "anonymous",
  "contentLength": "52"
}
{
  "timestamp": "2025-10-10T00:32:21.318Z",
  "level": "error",
  "message": "HTTP Request - Server Error",
  "service": "synaptron-backend",
  "pid": 14872,
  "hostname": "LAPTOP-MUCAVG9A",
  "requestId": "0e0ho8",
  "method": "DELETE",
  "url": "/api/ingest/conversation-history/user_1759990735171_lmrrenufd/Blockchain%20Development%20with%20Solidity%20and%20Web3",
  "statusCode": 500,
  "duration": "5ms",
  "userAgent": "Mozilla/5.0 (Windows NT 10.0; Win64; x64) AppleWebKit/537.36 (KHTML, like Gecko) Chrome/141.0.0.0 Safari/537.36",
  "ip": "::1",
  "userId": "anonymous",
  "contentLength": "52"
}
{
  "timestamp": "2025-10-10T08:49:27.287Z",
  "level": "error",
  "message": "HTTP Request - Server Error",
  "service": "synaptron-backend",
  "pid": 11240,
  "hostname": "LAPTOP-MUCAVG9A",
  "requestId": "1l6l3rf",
  "method": "DELETE",
  "url": "/api/ingest/conversation-history/user_1759990735171_lmrrenufd/Machine%20Learning%20with%20Python%20and%20TensorFlow",
  "statusCode": 500,
  "duration": "2ms",
  "userAgent": "Mozilla/5.0 (Windows NT 10.0; Win64; x64) AppleWebKit/537.36 (KHTML, like Gecko) Chrome/141.0.0.0 Safari/537.36",
  "ip": "::1",
  "userId": "anonymous",
  "contentLength": "52"
}
{
  "timestamp": "2025-10-10T08:51:41.742Z",
  "level": "error",
  "message": "HTTP Request - Server Error",
  "service": "synaptron-backend",
  "pid": 11240,
  "hostname": "LAPTOP-MUCAVG9A",
  "requestId": "18cyfe",
  "method": "POST",
  "url": "/api/ingest/analyze-report",
  "statusCode": 500,
  "duration": "11773ms",
  "userAgent": "Mozilla/5.0 (Windows NT 10.0; Win64; x64) AppleWebKit/537.36 (KHTML, like Gecko) Chrome/141.0.0.0 Safari/537.36",
  "ip": "::1",
  "userId": "anonymous",
  "contentLength": "40"
}
